{"/Users/joeri/Documents/web/minisync/src/base64.spec.ts":{"path":"/Users/joeri/Documents/web/minisync/src/base64.spec.ts","statementMap":{"0":{"start":{"line":1,"column":0},"end":{"line":53,"column":3}},"1":{"start":{"line":2,"column":4},"end":{"line":8,"column":5}},"2":{"start":{"line":3,"column":16},"end":{"line":3,"column":41}},"3":{"start":{"line":4,"column":8},"end":{"line":4,"column":48}},"4":{"start":{"line":4,"column":29},"end":{"line":4,"column":48}},"5":{"start":{"line":6,"column":9},"end":{"line":8,"column":5}},"6":{"start":{"line":7,"column":8},"end":{"line":7,"column":68}},"7":{"start":{"line":11,"column":4},"end":{"line":11,"column":66}},"8":{"start":{"line":12,"column":17},"end":{"line":12,"column":36}},"9":{"start":{"line":13,"column":15},"end":{"line":13,"column":30}},"10":{"start":{"line":14,"column":17},"end":{"line":14,"column":28}},"11":{"start":{"line":15,"column":4},"end":{"line":52,"column":7}},"12":{"start":{"line":16,"column":8},"end":{"line":51,"column":11}},"13":{"start":{"line":17,"column":12},"end":{"line":20,"column":15}},"14":{"start":{"line":18,"column":30},"end":{"line":18,"column":50}},"15":{"start":{"line":19,"column":16},"end":{"line":19,"column":51}},"16":{"start":{"line":21,"column":12},"end":{"line":30,"column":15}},"17":{"start":{"line":22,"column":31},"end":{"line":22,"column":33}},"18":{"start":{"line":23,"column":30},"end":{"line":23,"column":32}},"19":{"start":{"line":24,"column":16},"end":{"line":29,"column":17}},"20":{"start":{"line":24,"column":29},"end":{"line":24,"column":30}},"21":{"start":{"line":25,"column":20},"end":{"line":25,"column":58}},"22":{"start":{"line":27,"column":20},"end":{"line":27,"column":67}},"23":{"start":{"line":28,"column":20},"end":{"line":28,"column":43}},"24":{"start":{"line":31,"column":12},"end":{"line":38,"column":15}},"25":{"start":{"line":32,"column":31},"end":{"line":32,"column":33}},"26":{"start":{"line":33,"column":16},"end":{"line":37,"column":17}},"27":{"start":{"line":33,"column":29},"end":{"line":33,"column":30}},"28":{"start":{"line":34,"column":34},"end":{"line":34,"column":65}},"29":{"start":{"line":35,"column":20},"end":{"line":35,"column":62}},"30":{"start":{"line":36,"column":20},"end":{"line":36,"column":39}},"31":{"start":{"line":39,"column":12},"end":{"line":45,"column":15}},"32":{"start":{"line":40,"column":16},"end":{"line":40,"column":66}},"33":{"start":{"line":41,"column":16},"end":{"line":41,"column":69}},"34":{"start":{"line":42,"column":16},"end":{"line":42,"column":70}},"35":{"start":{"line":43,"column":16},"end":{"line":43,"column":71}},"36":{"start":{"line":44,"column":16},"end":{"line":44,"column":75}},"37":{"start":{"line":46,"column":12},"end":{"line":50,"column":15}},"38":{"start":{"line":47,"column":24},"end":{"line":47,"column":50}},"39":{"start":{"line":48,"column":25},"end":{"line":48,"column":52}},"40":{"start":{"line":49,"column":16},"end":{"line":49,"column":46}}},"fnMap":{"0":{"name":"(anonymous_0)","decl":{"start":{"line":1,"column":1},"end":{"line":1,"column":2}},"loc":{"start":{"line":1,"column":20},"end":{"line":9,"column":1}},"line":1},"1":{"name":"(anonymous_1)","decl":{"start":{"line":9,"column":3},"end":{"line":9,"column":4}},"loc":{"start":{"line":9,"column":31},"end":{"line":53,"column":1}},"line":9},"2":{"name":"(anonymous_2)","decl":{"start":{"line":15,"column":30},"end":{"line":15,"column":31}},"loc":{"start":{"line":15,"column":42},"end":{"line":52,"column":5}},"line":15},"3":{"name":"(anonymous_3)","decl":{"start":{"line":16,"column":28},"end":{"line":16,"column":29}},"loc":{"start":{"line":16,"column":40},"end":{"line":51,"column":9}},"line":16},"4":{"name":"(anonymous_4)","decl":{"start":{"line":17,"column":53},"end":{"line":17,"column":54}},"loc":{"start":{"line":17,"column":65},"end":{"line":20,"column":13}},"line":17},"5":{"name":"(anonymous_5)","decl":{"start":{"line":21,"column":57},"end":{"line":21,"column":58}},"loc":{"start":{"line":21,"column":69},"end":{"line":30,"column":13}},"line":21},"6":{"name":"(anonymous_6)","decl":{"start":{"line":31,"column":54},"end":{"line":31,"column":55}},"loc":{"start":{"line":31,"column":66},"end":{"line":38,"column":13}},"line":31},"7":{"name":"(anonymous_7)","decl":{"start":{"line":39,"column":49},"end":{"line":39,"column":50}},"loc":{"start":{"line":39,"column":61},"end":{"line":45,"column":13}},"line":39},"8":{"name":"(anonymous_8)","decl":{"start":{"line":46,"column":54},"end":{"line":46,"column":55}},"loc":{"start":{"line":46,"column":66},"end":{"line":50,"column":13}},"line":46}},"branchMap":{"0":{"loc":{"start":{"line":2,"column":4},"end":{"line":8,"column":5}},"type":"if","locations":[{"start":{"line":2,"column":4},"end":{"line":8,"column":5}},{"start":{"line":2,"column":4},"end":{"line":8,"column":5}}],"line":2},"1":{"loc":{"start":{"line":2,"column":8},"end":{"line":2,"column":72}},"type":"binary-expr","locations":[{"start":{"line":2,"column":8},"end":{"line":2,"column":34}},{"start":{"line":2,"column":38},"end":{"line":2,"column":72}}],"line":2},"2":{"loc":{"start":{"line":4,"column":8},"end":{"line":4,"column":48}},"type":"if","locations":[{"start":{"line":4,"column":8},"end":{"line":4,"column":48}},{"start":{"line":4,"column":8},"end":{"line":4,"column":48}}],"line":4},"3":{"loc":{"start":{"line":6,"column":9},"end":{"line":8,"column":5}},"type":"if","locations":[{"start":{"line":6,"column":9},"end":{"line":8,"column":5}},{"start":{"line":6,"column":9},"end":{"line":8,"column":5}}],"line":6},"4":{"loc":{"start":{"line":6,"column":13},"end":{"line":6,"column":55}},"type":"binary-expr","locations":[{"start":{"line":6,"column":13},"end":{"line":6,"column":41}},{"start":{"line":6,"column":45},"end":{"line":6,"column":55}}],"line":6}},"s":{"0":1,"1":1,"2":1,"3":1,"4":0,"5":0,"6":0,"7":1,"8":1,"9":1,"10":1,"11":1,"12":1,"13":1,"14":1,"15":1,"16":1,"17":1,"18":1,"19":1,"20":1,"21":100,"22":100,"23":100,"24":1,"25":1,"26":1,"27":1,"28":100,"29":100,"30":100,"31":1,"32":1,"33":1,"34":1,"35":1,"36":1,"37":1,"38":1,"39":1,"40":1},"f":{"0":1,"1":1,"2":1,"3":1,"4":1,"5":1,"6":1,"7":1,"8":1},"b":{"0":[1,0],"1":[1,1],"2":[0,1],"3":[0,0],"4":[0,0]},"_coverageSchema":"43e27e138ebf9cfc5966b082cf9a028302ed4184","hash":"e161dcc20da7a819fbbdf10242bb8516da72b0b7","contentHash":"bfe18bdf2dc71ddc9ef33167a0fef89b5a80694c8911c8bb07eb21efc649fcf0"},"/Users/joeri/Documents/web/minisync/src/base64.ts":{"path":"/Users/joeri/Documents/web/minisync/src/base64.ts","statementMap":{"0":{"start":{"line":1,"column":0},"end":{"line":91,"column":3}},"1":{"start":{"line":2,"column":4},"end":{"line":8,"column":5}},"2":{"start":{"line":3,"column":16},"end":{"line":3,"column":41}},"3":{"start":{"line":4,"column":8},"end":{"line":4,"column":48}},"4":{"start":{"line":4,"column":29},"end":{"line":4,"column":48}},"5":{"start":{"line":6,"column":9},"end":{"line":8,"column":5}},"6":{"start":{"line":7,"column":8},"end":{"line":7,"column":59}},"7":{"start":{"line":11,"column":4},"end":{"line":11,"column":66}},"8":{"start":{"line":12,"column":18},"end":{"line":12,"column":36}},"9":{"start":{"line":18,"column":22},"end":{"line":18,"column":88}},"10":{"start":{"line":25,"column":18},"end":{"line":25,"column":20}},"11":{"start":{"line":26,"column":8},"end":{"line":26,"column":30}},"12":{"start":{"line":27,"column":8},"end":{"line":31,"column":9}},"13":{"start":{"line":28,"column":22},"end":{"line":28,"column":55}},"14":{"start":{"line":29,"column":12},"end":{"line":29,"column":41}},"15":{"start":{"line":30,"column":12},"end":{"line":30,"column":39}},"16":{"start":{"line":32,"column":8},"end":{"line":32,"column":19}},"17":{"start":{"line":34,"column":4},"end":{"line":34,"column":40}},"18":{"start":{"line":45,"column":8},"end":{"line":45,"column":37}},"19":{"start":{"line":45,"column":28},"end":{"line":45,"column":35}},"20":{"start":{"line":46,"column":8},"end":{"line":46,"column":52}},"21":{"start":{"line":46,"column":36},"end":{"line":46,"column":50}},"22":{"start":{"line":49,"column":8},"end":{"line":51,"column":9}},"23":{"start":{"line":50,"column":12},"end":{"line":50,"column":35}},"24":{"start":{"line":52,"column":20},"end":{"line":52,"column":25}},"25":{"start":{"line":55,"column":8},"end":{"line":63,"column":9}},"26":{"start":{"line":55,"column":21},"end":{"line":55,"column":33}},"27":{"start":{"line":56,"column":22},"end":{"line":56,"column":51}},"28":{"start":{"line":57,"column":12},"end":{"line":57,"column":48}},"29":{"start":{"line":58,"column":12},"end":{"line":59,"column":42}},"30":{"start":{"line":59,"column":16},"end":{"line":59,"column":42}},"31":{"start":{"line":60,"column":12},"end":{"line":60,"column":68}},"32":{"start":{"line":61,"column":12},"end":{"line":62,"column":22}},"33":{"start":{"line":62,"column":16},"end":{"line":62,"column":22}},"34":{"start":{"line":64,"column":8},"end":{"line":65,"column":35}},"35":{"start":{"line":65,"column":12},"end":{"line":65,"column":35}},"36":{"start":{"line":66,"column":8},"end":{"line":66,"column":17}},"37":{"start":{"line":68,"column":4},"end":{"line":68,"column":38}},"38":{"start":{"line":75,"column":8},"end":{"line":88,"column":25}},"39":{"start":{"line":76,"column":12},"end":{"line":76,"column":25}},"40":{"start":{"line":78,"column":13},"end":{"line":88,"column":25}},"41":{"start":{"line":79,"column":12},"end":{"line":79,"column":24}},"42":{"start":{"line":81,"column":13},"end":{"line":88,"column":25}},"43":{"start":{"line":82,"column":12},"end":{"line":82,"column":31}},"44":{"start":{"line":84,"column":13},"end":{"line":88,"column":25}},"45":{"start":{"line":85,"column":12},"end":{"line":85,"column":75}},"46":{"start":{"line":88,"column":12},"end":{"line":88,"column":25}},"47":{"start":{"line":90,"column":4},"end":{"line":90,"column":44}}},"fnMap":{"0":{"name":"(anonymous_0)","decl":{"start":{"line":1,"column":1},"end":{"line":1,"column":2}},"loc":{"start":{"line":1,"column":20},"end":{"line":9,"column":1}},"line":1},"1":{"name":"(anonymous_1)","decl":{"start":{"line":9,"column":3},"end":{"line":9,"column":4}},"loc":{"start":{"line":9,"column":31},"end":{"line":91,"column":1}},"line":9},"2":{"name":"floatToBase64","decl":{"start":{"line":24,"column":13},"end":{"line":24,"column":26}},"loc":{"start":{"line":24,"column":32},"end":{"line":33,"column":5}},"line":24},"3":{"name":"nextVersion","decl":{"start":{"line":44,"column":13},"end":{"line":44,"column":24}},"loc":{"start":{"line":44,"column":39},"end":{"line":67,"column":5}},"line":44},"4":{"name":"isNewerVersion","decl":{"start":{"line":74,"column":13},"end":{"line":74,"column":27}},"loc":{"start":{"line":74,"column":40},"end":{"line":89,"column":5}},"line":74}},"branchMap":{"0":{"loc":{"start":{"line":2,"column":4},"end":{"line":8,"column":5}},"type":"if","locations":[{"start":{"line":2,"column":4},"end":{"line":8,"column":5}},{"start":{"line":2,"column":4},"end":{"line":8,"column":5}}],"line":2},"1":{"loc":{"start":{"line":2,"column":8},"end":{"line":2,"column":72}},"type":"binary-expr","locations":[{"start":{"line":2,"column":8},"end":{"line":2,"column":34}},{"start":{"line":2,"column":38},"end":{"line":2,"column":72}}],"line":2},"2":{"loc":{"start":{"line":4,"column":8},"end":{"line":4,"column":48}},"type":"if","locations":[{"start":{"line":4,"column":8},"end":{"line":4,"column":48}},{"start":{"line":4,"column":8},"end":{"line":4,"column":48}}],"line":4},"3":{"loc":{"start":{"line":6,"column":9},"end":{"line":8,"column":5}},"type":"if","locations":[{"start":{"line":6,"column":9},"end":{"line":8,"column":5}},{"start":{"line":6,"column":9},"end":{"line":8,"column":5}}],"line":6},"4":{"loc":{"start":{"line":6,"column":13},"end":{"line":6,"column":55}},"type":"binary-expr","locations":[{"start":{"line":6,"column":13},"end":{"line":6,"column":41}},{"start":{"line":6,"column":45},"end":{"line":6,"column":55}}],"line":6},"5":{"loc":{"start":{"line":45,"column":8},"end":{"line":45,"column":37}},"type":"if","locations":[{"start":{"line":45,"column":8},"end":{"line":45,"column":37}},{"start":{"line":45,"column":8},"end":{"line":45,"column":37}}],"line":45},"6":{"loc":{"start":{"line":46,"column":8},"end":{"line":46,"column":52}},"type":"if","locations":[{"start":{"line":46,"column":8},"end":{"line":46,"column":52}},{"start":{"line":46,"column":8},"end":{"line":46,"column":52}}],"line":46},"7":{"loc":{"start":{"line":58,"column":12},"end":{"line":59,"column":42}},"type":"if","locations":[{"start":{"line":58,"column":12},"end":{"line":59,"column":42}},{"start":{"line":58,"column":12},"end":{"line":59,"column":42}}],"line":58},"8":{"loc":{"start":{"line":61,"column":12},"end":{"line":62,"column":22}},"type":"if","locations":[{"start":{"line":61,"column":12},"end":{"line":62,"column":22}},{"start":{"line":61,"column":12},"end":{"line":62,"column":22}}],"line":61},"9":{"loc":{"start":{"line":64,"column":8},"end":{"line":65,"column":35}},"type":"if","locations":[{"start":{"line":64,"column":8},"end":{"line":65,"column":35}},{"start":{"line":64,"column":8},"end":{"line":65,"column":35}}],"line":64},"10":{"loc":{"start":{"line":75,"column":8},"end":{"line":88,"column":25}},"type":"if","locations":[{"start":{"line":75,"column":8},"end":{"line":88,"column":25}},{"start":{"line":75,"column":8},"end":{"line":88,"column":25}}],"line":75},"11":{"loc":{"start":{"line":78,"column":13},"end":{"line":88,"column":25}},"type":"if","locations":[{"start":{"line":78,"column":13},"end":{"line":88,"column":25}},{"start":{"line":78,"column":13},"end":{"line":88,"column":25}}],"line":78},"12":{"loc":{"start":{"line":78,"column":17},"end":{"line":78,"column":30}},"type":"binary-expr","locations":[{"start":{"line":78,"column":17},"end":{"line":78,"column":21}},{"start":{"line":78,"column":25},"end":{"line":78,"column":30}}],"line":78},"13":{"loc":{"start":{"line":81,"column":13},"end":{"line":88,"column":25}},"type":"if","locations":[{"start":{"line":81,"column":13},"end":{"line":88,"column":25}},{"start":{"line":81,"column":13},"end":{"line":88,"column":25}}],"line":81},"14":{"loc":{"start":{"line":84,"column":13},"end":{"line":88,"column":25}},"type":"if","locations":[{"start":{"line":84,"column":13},"end":{"line":88,"column":25}},{"start":{"line":84,"column":13},"end":{"line":88,"column":25}}],"line":84}},"s":{"0":1,"1":1,"2":1,"3":1,"4":0,"5":0,"6":0,"7":1,"8":1,"9":1,"10":1230,"11":1230,"12":1230,"13":9802,"14":9802,"15":9802,"16":1230,"17":1,"18":377,"19":66,"20":377,"21":102,"22":377,"23":767,"24":377,"25":377,"26":377,"27":378,"28":378,"29":378,"30":2,"31":378,"32":378,"33":376,"34":377,"35":1,"36":377,"37":1,"38":280,"39":20,"40":260,"41":166,"42":94,"43":90,"44":4,"45":0,"46":4,"47":1},"f":{"0":1,"1":1,"2":1230,"3":377,"4":280},"b":{"0":[1,0],"1":[1,1],"2":[0,1],"3":[0,0],"4":[0,0],"5":[66,311],"6":[102,275],"7":[2,376],"8":[376,2],"9":[1,376],"10":[20,260],"11":[166,94],"12":[260,260],"13":[90,4],"14":[0,4]},"_coverageSchema":"43e27e138ebf9cfc5966b082cf9a028302ed4184","hash":"d93d74acc155712b21be3830c7b5306667e1368c","contentHash":"941ef5a084d5bca3c0c9769edbcfa8f7dfc32abec374b7d6ef5d595fab1424bc"},"/Users/joeri/Documents/web/minisync/src/types.ts":{"path":"/Users/joeri/Documents/web/minisync/src/types.ts","statementMap":{"0":{"start":{"line":1,"column":0},"end":{"line":59,"column":3}},"1":{"start":{"line":2,"column":4},"end":{"line":8,"column":5}},"2":{"start":{"line":3,"column":16},"end":{"line":3,"column":41}},"3":{"start":{"line":4,"column":8},"end":{"line":4,"column":48}},"4":{"start":{"line":4,"column":29},"end":{"line":4,"column":48}},"5":{"start":{"line":6,"column":9},"end":{"line":8,"column":5}},"6":{"start":{"line":7,"column":8},"end":{"line":7,"column":48}},"7":{"start":{"line":11,"column":4},"end":{"line":11,"column":66}},"8":{"start":{"line":18,"column":8},"end":{"line":18,"column":70}},"9":{"start":{"line":20,"column":4},"end":{"line":20,"column":30}},"10":{"start":{"line":27,"column":8},"end":{"line":28,"column":30}},"11":{"start":{"line":28,"column":12},"end":{"line":28,"column":30}},"12":{"start":{"line":29,"column":8},"end":{"line":34,"column":55}},"13":{"start":{"line":36,"column":4},"end":{"line":36,"column":40}},"14":{"start":{"line":44,"column":18},"end":{"line":44,"column":29}},"15":{"start":{"line":45,"column":8},"end":{"line":46,"column":28}},"16":{"start":{"line":46,"column":12},"end":{"line":46,"column":28}},"17":{"start":{"line":47,"column":8},"end":{"line":47,"column":19}},"18":{"start":{"line":49,"column":4},"end":{"line":49,"column":28}},"19":{"start":{"line":51,"column":4},"end":{"line":58,"column":81}},"20":{"start":{"line":53,"column":8},"end":{"line":53,"column":46}},"21":{"start":{"line":55,"column":8},"end":{"line":55,"column":55}},"22":{"start":{"line":57,"column":8},"end":{"line":57,"column":55}}},"fnMap":{"0":{"name":"(anonymous_0)","decl":{"start":{"line":1,"column":1},"end":{"line":1,"column":2}},"loc":{"start":{"line":1,"column":20},"end":{"line":9,"column":1}},"line":1},"1":{"name":"(anonymous_1)","decl":{"start":{"line":9,"column":3},"end":{"line":9,"column":4}},"loc":{"start":{"line":9,"column":31},"end":{"line":59,"column":1}},"line":9},"2":{"name":"isArray","decl":{"start":{"line":17,"column":13},"end":{"line":17,"column":20}},"loc":{"start":{"line":17,"column":24},"end":{"line":19,"column":5}},"line":17},"3":{"name":"dateToString","decl":{"start":{"line":26,"column":13},"end":{"line":26,"column":25}},"loc":{"start":{"line":26,"column":32},"end":{"line":35,"column":5}},"line":26},"4":{"name":"padStr","decl":{"start":{"line":43,"column":13},"end":{"line":43,"column":19}},"loc":{"start":{"line":43,"column":33},"end":{"line":48,"column":5}},"line":43},"5":{"name":"(anonymous_5)","decl":{"start":{"line":51,"column":5},"end":{"line":51,"column":6}},"loc":{"start":{"line":51,"column":31},"end":{"line":58,"column":5}},"line":51}},"branchMap":{"0":{"loc":{"start":{"line":2,"column":4},"end":{"line":8,"column":5}},"type":"if","locations":[{"start":{"line":2,"column":4},"end":{"line":8,"column":5}},{"start":{"line":2,"column":4},"end":{"line":8,"column":5}}],"line":2},"1":{"loc":{"start":{"line":2,"column":8},"end":{"line":2,"column":72}},"type":"binary-expr","locations":[{"start":{"line":2,"column":8},"end":{"line":2,"column":34}},{"start":{"line":2,"column":38},"end":{"line":2,"column":72}}],"line":2},"2":{"loc":{"start":{"line":4,"column":8},"end":{"line":4,"column":48}},"type":"if","locations":[{"start":{"line":4,"column":8},"end":{"line":4,"column":48}},{"start":{"line":4,"column":8},"end":{"line":4,"column":48}}],"line":4},"3":{"loc":{"start":{"line":6,"column":9},"end":{"line":8,"column":5}},"type":"if","locations":[{"start":{"line":6,"column":9},"end":{"line":8,"column":5}},{"start":{"line":6,"column":9},"end":{"line":8,"column":5}}],"line":6},"4":{"loc":{"start":{"line":6,"column":13},"end":{"line":6,"column":55}},"type":"binary-expr","locations":[{"start":{"line":6,"column":13},"end":{"line":6,"column":41}},{"start":{"line":6,"column":45},"end":{"line":6,"column":55}}],"line":6},"5":{"loc":{"start":{"line":27,"column":8},"end":{"line":28,"column":30}},"type":"if","locations":[{"start":{"line":27,"column":8},"end":{"line":28,"column":30}},{"start":{"line":27,"column":8},"end":{"line":28,"column":30}}],"line":27},"6":{"loc":{"start":{"line":58,"column":24},"end":{"line":58,"column":79}},"type":"binary-expr","locations":[{"start":{"line":58,"column":24},"end":{"line":58,"column":46}},{"start":{"line":58,"column":51},"end":{"line":58,"column":78}}],"line":58}},"s":{"0":1,"1":1,"2":1,"3":1,"4":0,"5":0,"6":0,"7":1,"8":1049,"9":1,"10":270,"11":0,"12":270,"13":1,"14":2855,"15":2855,"16":343,"17":2855,"18":1,"19":1,"20":1,"21":1,"22":1},"f":{"0":1,"1":1,"2":1049,"3":270,"4":2855,"5":1},"b":{"0":[1,0],"1":[1,1],"2":[0,1],"3":[0,0],"4":[0,0],"5":[0,270],"6":[1,1]},"_coverageSchema":"43e27e138ebf9cfc5966b082cf9a028302ed4184","hash":"78295c3065f3cb26667a5e9d359e863461067b8c","contentHash":"590bfbb7b6ec1853e5188349864f35dffcecdb70d93969332c76b84bd4c26521"},"/Users/joeri/Documents/web/minisync/src/minisync.spec.ts":{"path":"/Users/joeri/Documents/web/minisync/src/minisync.spec.ts","statementMap":{"0":{"start":{"line":1,"column":0},"end":{"line":300,"column":3}},"1":{"start":{"line":2,"column":4},"end":{"line":8,"column":5}},"2":{"start":{"line":3,"column":16},"end":{"line":3,"column":41}},"3":{"start":{"line":4,"column":8},"end":{"line":4,"column":48}},"4":{"start":{"line":4,"column":29},"end":{"line":4,"column":48}},"5":{"start":{"line":6,"column":9},"end":{"line":8,"column":5}},"6":{"start":{"line":7,"column":8},"end":{"line":7,"column":81}},"7":{"start":{"line":11,"column":4},"end":{"line":11,"column":66}},"8":{"start":{"line":12,"column":19},"end":{"line":12,"column":40}},"9":{"start":{"line":13,"column":18},"end":{"line":13,"column":36}},"10":{"start":{"line":14,"column":15},"end":{"line":14,"column":30}},"11":{"start":{"line":15,"column":17},"end":{"line":15,"column":28}},"12":{"start":{"line":16,"column":4},"end":{"line":299,"column":7}},"13":{"start":{"line":17,"column":8},"end":{"line":123,"column":11}},"14":{"start":{"line":18,"column":12},"end":{"line":29,"column":15}},"15":{"start":{"line":19,"column":27},"end":{"line":19,"column":41}},"16":{"start":{"line":20,"column":24},"end":{"line":20,"column":43}},"17":{"start":{"line":21,"column":16},"end":{"line":21,"column":45}},"18":{"start":{"line":22,"column":16},"end":{"line":22,"column":60}},"19":{"start":{"line":23,"column":28},"end":{"line":23,"column":39}},"20":{"start":{"line":24,"column":16},"end":{"line":24,"column":49}},"21":{"start":{"line":25,"column":16},"end":{"line":25,"column":50}},"22":{"start":{"line":26,"column":16},"end":{"line":26,"column":54}},"23":{"start":{"line":27,"column":16},"end":{"line":27,"column":59}},"24":{"start":{"line":28,"column":16},"end":{"line":28,"column":61}},"25":{"start":{"line":30,"column":12},"end":{"line":36,"column":15}},"26":{"start":{"line":31,"column":27},"end":{"line":31,"column":62}},"27":{"start":{"line":32,"column":24},"end":{"line":32,"column":43}},"28":{"start":{"line":33,"column":16},"end":{"line":33,"column":53}},"29":{"start":{"line":34,"column":16},"end":{"line":34,"column":61}},"30":{"start":{"line":35,"column":16},"end":{"line":35,"column":64}},"31":{"start":{"line":37,"column":12},"end":{"line":50,"column":15}},"32":{"start":{"line":38,"column":27},"end":{"line":38,"column":41}},"33":{"start":{"line":39,"column":24},"end":{"line":39,"column":43}},"34":{"start":{"line":40,"column":33},"end":{"line":40,"column":50}},"35":{"start":{"line":41,"column":16},"end":{"line":41,"column":36}},"36":{"start":{"line":42,"column":16},"end":{"line":42,"column":49}},"37":{"start":{"line":43,"column":16},"end":{"line":43,"column":52}},"38":{"start":{"line":44,"column":16},"end":{"line":44,"column":54}},"39":{"start":{"line":45,"column":16},"end":{"line":45,"column":67}},"40":{"start":{"line":46,"column":16},"end":{"line":46,"column":47}},"41":{"start":{"line":47,"column":16},"end":{"line":47,"column":36}},"42":{"start":{"line":48,"column":16},"end":{"line":48,"column":49}},"43":{"start":{"line":49,"column":16},"end":{"line":49,"column":67}},"44":{"start":{"line":51,"column":12},"end":{"line":63,"column":15}},"45":{"start":{"line":52,"column":24},"end":{"line":52,"column":53}},"46":{"start":{"line":53,"column":16},"end":{"line":53,"column":36}},"47":{"start":{"line":54,"column":16},"end":{"line":54,"column":45}},"48":{"start":{"line":55,"column":27},"end":{"line":55,"column":38}},"49":{"start":{"line":56,"column":16},"end":{"line":56,"column":48}},"50":{"start":{"line":57,"column":16},"end":{"line":57,"column":54}},"51":{"start":{"line":58,"column":16},"end":{"line":58,"column":49}},"52":{"start":{"line":59,"column":16},"end":{"line":59,"column":49}},"53":{"start":{"line":60,"column":16},"end":{"line":60,"column":52}},"54":{"start":{"line":61,"column":16},"end":{"line":61,"column":58}},"55":{"start":{"line":62,"column":16},"end":{"line":62,"column":53}},"56":{"start":{"line":64,"column":12},"end":{"line":71,"column":15}},"57":{"start":{"line":65,"column":27},"end":{"line":65,"column":62}},"58":{"start":{"line":66,"column":24},"end":{"line":66,"column":43}},"59":{"start":{"line":67,"column":16},"end":{"line":67,"column":57}},"60":{"start":{"line":68,"column":16},"end":{"line":68,"column":52}},"61":{"start":{"line":69,"column":16},"end":{"line":69,"column":60}},"62":{"start":{"line":70,"column":16},"end":{"line":70,"column":64}},"63":{"start":{"line":72,"column":12},"end":{"line":83,"column":15}},"64":{"start":{"line":73,"column":27},"end":{"line":73,"column":52}},"65":{"start":{"line":74,"column":24},"end":{"line":74,"column":43}},"66":{"start":{"line":75,"column":33},"end":{"line":75,"column":47}},"67":{"start":{"line":76,"column":36},"end":{"line":76,"column":53}},"68":{"start":{"line":77,"column":38},"end":{"line":77,"column":65}},"69":{"start":{"line":78,"column":16},"end":{"line":78,"column":49}},"70":{"start":{"line":79,"column":16},"end":{"line":79,"column":55}},"71":{"start":{"line":80,"column":16},"end":{"line":80,"column":60}},"72":{"start":{"line":81,"column":16},"end":{"line":81,"column":70}},"73":{"start":{"line":82,"column":16},"end":{"line":82,"column":82}},"74":{"start":{"line":84,"column":12},"end":{"line":91,"column":15}},"75":{"start":{"line":85,"column":24},"end":{"line":85,"column":71}},"76":{"start":{"line":86,"column":16},"end":{"line":86,"column":49}},"77":{"start":{"line":87,"column":24},"end":{"line":87,"column":35}},"78":{"start":{"line":88,"column":16},"end":{"line":88,"column":45}},"79":{"start":{"line":89,"column":16},"end":{"line":89,"column":49}},"80":{"start":{"line":90,"column":16},"end":{"line":90,"column":56}},"81":{"start":{"line":92,"column":12},"end":{"line":122,"column":15}},"82":{"start":{"line":93,"column":27},"end":{"line":105,"column":17}},"83":{"start":{"line":106,"column":24},"end":{"line":106,"column":43}},"84":{"start":{"line":107,"column":37},"end":{"line":107,"column":54}},"85":{"start":{"line":108,"column":30},"end":{"line":108,"column":63}},"86":{"start":{"line":109,"column":16},"end":{"line":109,"column":48}},"87":{"start":{"line":110,"column":16},"end":{"line":110,"column":51}},"88":{"start":{"line":111,"column":16},"end":{"line":111,"column":63}},"89":{"start":{"line":112,"column":16},"end":{"line":112,"column":48}},"90":{"start":{"line":113,"column":16},"end":{"line":113,"column":60}},"91":{"start":{"line":114,"column":16},"end":{"line":114,"column":52}},"92":{"start":{"line":115,"column":16},"end":{"line":115,"column":59}},"93":{"start":{"line":116,"column":16},"end":{"line":116,"column":63}},"94":{"start":{"line":117,"column":16},"end":{"line":117,"column":64}},"95":{"start":{"line":118,"column":16},"end":{"line":118,"column":68}},"96":{"start":{"line":119,"column":16},"end":{"line":119,"column":67}},"97":{"start":{"line":120,"column":16},"end":{"line":120,"column":69}},"98":{"start":{"line":121,"column":16},"end":{"line":121,"column":63}},"99":{"start":{"line":124,"column":8},"end":{"line":285,"column":11}},"100":{"start":{"line":125,"column":12},"end":{"line":137,"column":15}},"101":{"start":{"line":126,"column":24},"end":{"line":126,"column":57}},"102":{"start":{"line":127,"column":16},"end":{"line":127,"column":32}},"103":{"start":{"line":128,"column":16},"end":{"line":128,"column":32}},"104":{"start":{"line":129,"column":27},"end":{"line":129,"column":38}},"105":{"start":{"line":130,"column":16},"end":{"line":130,"column":47}},"106":{"start":{"line":131,"column":16},"end":{"line":131,"column":48}},"107":{"start":{"line":132,"column":16},"end":{"line":132,"column":48}},"108":{"start":{"line":133,"column":16},"end":{"line":133,"column":48}},"109":{"start":{"line":134,"column":16},"end":{"line":134,"column":49}},"110":{"start":{"line":135,"column":16},"end":{"line":135,"column":51}},"111":{"start":{"line":136,"column":16},"end":{"line":136,"column":51}},"112":{"start":{"line":138,"column":12},"end":{"line":154,"column":15}},"113":{"start":{"line":139,"column":24},"end":{"line":139,"column":61}},"114":{"start":{"line":140,"column":16},"end":{"line":140,"column":56}},"115":{"start":{"line":141,"column":16},"end":{"line":141,"column":39}},"116":{"start":{"line":142,"column":16},"end":{"line":142,"column":65}},"117":{"start":{"line":143,"column":16},"end":{"line":143,"column":60}},"118":{"start":{"line":144,"column":16},"end":{"line":144,"column":56}},"119":{"start":{"line":145,"column":16},"end":{"line":145,"column":42}},"120":{"start":{"line":146,"column":16},"end":{"line":146,"column":42}},"121":{"start":{"line":147,"column":16},"end":{"line":147,"column":59}},"122":{"start":{"line":148,"column":27},"end":{"line":148,"column":52}},"123":{"start":{"line":149,"column":16},"end":{"line":149,"column":47}},"124":{"start":{"line":150,"column":16},"end":{"line":150,"column":48}},"125":{"start":{"line":151,"column":16},"end":{"line":151,"column":48}},"126":{"start":{"line":152,"column":16},"end":{"line":152,"column":50}},"127":{"start":{"line":153,"column":16},"end":{"line":153,"column":59}},"128":{"start":{"line":155,"column":12},"end":{"line":165,"column":15}},"129":{"start":{"line":156,"column":24},"end":{"line":156,"column":72}},"130":{"start":{"line":157,"column":27},"end":{"line":157,"column":43}},"131":{"start":{"line":158,"column":16},"end":{"line":158,"column":47}},"132":{"start":{"line":159,"column":16},"end":{"line":159,"column":48}},"133":{"start":{"line":160,"column":16},"end":{"line":160,"column":54}},"134":{"start":{"line":161,"column":16},"end":{"line":161,"column":48}},"135":{"start":{"line":162,"column":16},"end":{"line":162,"column":51}},"136":{"start":{"line":163,"column":16},"end":{"line":163,"column":52}},"137":{"start":{"line":164,"column":16},"end":{"line":164,"column":57}},"138":{"start":{"line":166,"column":12},"end":{"line":177,"column":15}},"139":{"start":{"line":167,"column":27},"end":{"line":167,"column":90}},"140":{"start":{"line":168,"column":16},"end":{"line":168,"column":58}},"141":{"start":{"line":169,"column":29},"end":{"line":169,"column":48}},"142":{"start":{"line":170,"column":32},"end":{"line":170,"column":49}},"143":{"start":{"line":171,"column":16},"end":{"line":171,"column":33}},"144":{"start":{"line":172,"column":16},"end":{"line":172,"column":58}},"145":{"start":{"line":173,"column":16},"end":{"line":173,"column":66}},"146":{"start":{"line":174,"column":16},"end":{"line":174,"column":60}},"147":{"start":{"line":175,"column":16},"end":{"line":175,"column":61}},"148":{"start":{"line":176,"column":16},"end":{"line":176,"column":65}},"149":{"start":{"line":178,"column":12},"end":{"line":185,"column":15}},"150":{"start":{"line":179,"column":24},"end":{"line":179,"column":69}},"151":{"start":{"line":180,"column":16},"end":{"line":180,"column":59}},"152":{"start":{"line":181,"column":24},"end":{"line":181,"column":43}},"153":{"start":{"line":182,"column":16},"end":{"line":182,"column":44}},"154":{"start":{"line":183,"column":16},"end":{"line":183,"column":45}},"155":{"start":{"line":184,"column":16},"end":{"line":184,"column":47}},"156":{"start":{"line":186,"column":12},"end":{"line":211,"column":15}},"157":{"start":{"line":187,"column":16},"end":{"line":210,"column":17}},"158":{"start":{"line":188,"column":28},"end":{"line":188,"column":89}},"159":{"start":{"line":189,"column":34},"end":{"line":189,"column":35}},"160":{"start":{"line":190,"column":20},"end":{"line":208,"column":23}},"161":{"start":{"line":191,"column":24},"end":{"line":191,"column":34}},"162":{"start":{"line":192,"column":24},"end":{"line":205,"column":25}},"163":{"start":{"line":194,"column":32},"end":{"line":194,"column":62}},"164":{"start":{"line":195,"column":32},"end":{"line":195,"column":38}},"165":{"start":{"line":197,"column":32},"end":{"line":197,"column":62}},"166":{"start":{"line":198,"column":32},"end":{"line":198,"column":38}},"167":{"start":{"line":200,"column":32},"end":{"line":200,"column":65}},"168":{"start":{"line":201,"column":32},"end":{"line":201,"column":73}},"169":{"start":{"line":202,"column":32},"end":{"line":202,"column":38}},"170":{"start":{"line":204,"column":32},"end":{"line":204,"column":38}},"171":{"start":{"line":206,"column":24},"end":{"line":206,"column":56}},"172":{"start":{"line":207,"column":24},"end":{"line":207,"column":55}},"173":{"start":{"line":209,"column":20},"end":{"line":209,"column":48}},"174":{"start":{"line":212,"column":12},"end":{"line":221,"column":15}},"175":{"start":{"line":213,"column":27},"end":{"line":213,"column":67}},"176":{"start":{"line":214,"column":24},"end":{"line":214,"column":65}},"177":{"start":{"line":215,"column":16},"end":{"line":215,"column":60}},"178":{"start":{"line":216,"column":16},"end":{"line":218,"column":17}},"179":{"start":{"line":216,"column":29},"end":{"line":216,"column":30}},"180":{"start":{"line":217,"column":20},"end":{"line":217,"column":59}},"181":{"start":{"line":219,"column":26},"end":{"line":219,"column":34}},"182":{"start":{"line":220,"column":16},"end":{"line":220,"column":51}},"183":{"start":{"line":222,"column":12},"end":{"line":228,"column":15}},"184":{"start":{"line":223,"column":24},"end":{"line":223,"column":94}},"185":{"start":{"line":224,"column":27},"end":{"line":224,"column":34}},"186":{"start":{"line":225,"column":16},"end":{"line":225,"column":55}},"187":{"start":{"line":226,"column":16},"end":{"line":226,"column":49}},"188":{"start":{"line":227,"column":16},"end":{"line":227,"column":49}},"189":{"start":{"line":229,"column":12},"end":{"line":235,"column":15}},"190":{"start":{"line":230,"column":24},"end":{"line":230,"column":57}},"191":{"start":{"line":231,"column":16},"end":{"line":231,"column":37}},"192":{"start":{"line":232,"column":16},"end":{"line":232,"column":55}},"193":{"start":{"line":233,"column":16},"end":{"line":233,"column":49}},"194":{"start":{"line":234,"column":16},"end":{"line":234,"column":49}},"195":{"start":{"line":236,"column":12},"end":{"line":239,"column":15}},"196":{"start":{"line":237,"column":24},"end":{"line":237,"column":64}},"197":{"start":{"line":238,"column":16},"end":{"line":238,"column":61}},"198":{"start":{"line":240,"column":12},"end":{"line":248,"column":15}},"199":{"start":{"line":241,"column":24},"end":{"line":241,"column":77}},"200":{"start":{"line":242,"column":16},"end":{"line":242,"column":55}},"201":{"start":{"line":243,"column":24},"end":{"line":243,"column":33}},"202":{"start":{"line":244,"column":16},"end":{"line":244,"column":55}},"203":{"start":{"line":245,"column":16},"end":{"line":245,"column":50}},"204":{"start":{"line":246,"column":16},"end":{"line":246,"column":45}},"205":{"start":{"line":247,"column":16},"end":{"line":247,"column":46}},"206":{"start":{"line":249,"column":12},"end":{"line":260,"column":15}},"207":{"start":{"line":250,"column":24},"end":{"line":250,"column":79}},"208":{"start":{"line":251,"column":26},"end":{"line":251,"column":55}},"209":{"start":{"line":252,"column":16},"end":{"line":252,"column":46}},"210":{"start":{"line":253,"column":16},"end":{"line":253,"column":47}},"211":{"start":{"line":254,"column":16},"end":{"line":254,"column":50}},"212":{"start":{"line":255,"column":16},"end":{"line":255,"column":47}},"213":{"start":{"line":256,"column":16},"end":{"line":256,"column":43}},"214":{"start":{"line":257,"column":16},"end":{"line":257,"column":45}},"215":{"start":{"line":258,"column":16},"end":{"line":258,"column":52}},"216":{"start":{"line":259,"column":16},"end":{"line":259,"column":53}},"217":{"start":{"line":261,"column":12},"end":{"line":265,"column":15}},"218":{"start":{"line":262,"column":24},"end":{"line":262,"column":58}},"219":{"start":{"line":263,"column":16},"end":{"line":263,"column":49}},"220":{"start":{"line":264,"column":16},"end":{"line":264,"column":52}},"221":{"start":{"line":266,"column":12},"end":{"line":284,"column":15}},"222":{"start":{"line":267,"column":24},"end":{"line":267,"column":72}},"223":{"start":{"line":268,"column":29},"end":{"line":268,"column":37}},"224":{"start":{"line":269,"column":16},"end":{"line":269,"column":47}},"225":{"start":{"line":270,"column":16},"end":{"line":270,"column":46}},"226":{"start":{"line":271,"column":16},"end":{"line":271,"column":53}},"227":{"start":{"line":272,"column":16},"end":{"line":280,"column":19}},"228":{"start":{"line":273,"column":20},"end":{"line":273,"column":45}},"229":{"start":{"line":274,"column":20},"end":{"line":274,"column":48}},"230":{"start":{"line":275,"column":20},"end":{"line":276,"column":33}},"231":{"start":{"line":276,"column":24},"end":{"line":276,"column":33}},"232":{"start":{"line":277,"column":20},"end":{"line":278,"column":34}},"233":{"start":{"line":278,"column":24},"end":{"line":278,"column":34}},"234":{"start":{"line":279,"column":20},"end":{"line":279,"column":29}},"235":{"start":{"line":281,"column":16},"end":{"line":281,"column":53}},"236":{"start":{"line":282,"column":16},"end":{"line":282,"column":46}},"237":{"start":{"line":283,"column":16},"end":{"line":283,"column":47}},"238":{"start":{"line":286,"column":8},"end":{"line":298,"column":11}},"239":{"start":{"line":287,"column":12},"end":{"line":297,"column":15}},"240":{"start":{"line":288,"column":27},"end":{"line":288,"column":37}},"241":{"start":{"line":289,"column":16},"end":{"line":289,"column":42}},"242":{"start":{"line":290,"column":16},"end":{"line":290,"column":37}},"243":{"start":{"line":291,"column":16},"end":{"line":291,"column":36}},"244":{"start":{"line":292,"column":16},"end":{"line":292,"column":37}},"245":{"start":{"line":293,"column":16},"end":{"line":293,"column":39}},"246":{"start":{"line":294,"column":16},"end":{"line":294,"column":38}},"247":{"start":{"line":295,"column":30},"end":{"line":295,"column":56}},"248":{"start":{"line":296,"column":16},"end":{"line":296,"column":59}}},"fnMap":{"0":{"name":"(anonymous_0)","decl":{"start":{"line":1,"column":1},"end":{"line":1,"column":2}},"loc":{"start":{"line":1,"column":20},"end":{"line":9,"column":1}},"line":1},"1":{"name":"(anonymous_1)","decl":{"start":{"line":9,"column":3},"end":{"line":9,"column":4}},"loc":{"start":{"line":9,"column":31},"end":{"line":300,"column":1}},"line":9},"2":{"name":"(anonymous_2)","decl":{"start":{"line":16,"column":30},"end":{"line":16,"column":31}},"loc":{"start":{"line":16,"column":42},"end":{"line":299,"column":5}},"line":16},"3":{"name":"(anonymous_3)","decl":{"start":{"line":17,"column":36},"end":{"line":17,"column":37}},"loc":{"start":{"line":17,"column":48},"end":{"line":123,"column":9}},"line":17},"4":{"name":"(anonymous_4)","decl":{"start":{"line":18,"column":45},"end":{"line":18,"column":46}},"loc":{"start":{"line":18,"column":57},"end":{"line":29,"column":13}},"line":18},"5":{"name":"(anonymous_5)","decl":{"start":{"line":30,"column":43},"end":{"line":30,"column":44}},"loc":{"start":{"line":30,"column":55},"end":{"line":36,"column":13}},"line":30},"6":{"name":"(anonymous_6)","decl":{"start":{"line":37,"column":43},"end":{"line":37,"column":44}},"loc":{"start":{"line":37,"column":55},"end":{"line":50,"column":13}},"line":37},"7":{"name":"(anonymous_7)","decl":{"start":{"line":51,"column":50},"end":{"line":51,"column":51}},"loc":{"start":{"line":51,"column":62},"end":{"line":63,"column":13}},"line":51},"8":{"name":"(anonymous_8)","decl":{"start":{"line":64,"column":55},"end":{"line":64,"column":56}},"loc":{"start":{"line":64,"column":67},"end":{"line":71,"column":13}},"line":64},"9":{"name":"(anonymous_9)","decl":{"start":{"line":72,"column":60},"end":{"line":72,"column":61}},"loc":{"start":{"line":72,"column":72},"end":{"line":83,"column":13}},"line":72},"10":{"name":"(anonymous_10)","decl":{"start":{"line":84,"column":48},"end":{"line":84,"column":49}},"loc":{"start":{"line":84,"column":60},"end":{"line":91,"column":13}},"line":84},"11":{"name":"(anonymous_11)","decl":{"start":{"line":92,"column":43},"end":{"line":92,"column":44}},"loc":{"start":{"line":92,"column":55},"end":{"line":122,"column":13}},"line":92},"12":{"name":"(anonymous_12)","decl":{"start":{"line":124,"column":35},"end":{"line":124,"column":36}},"loc":{"start":{"line":124,"column":47},"end":{"line":285,"column":9}},"line":124},"13":{"name":"(anonymous_13)","decl":{"start":{"line":125,"column":49},"end":{"line":125,"column":50}},"loc":{"start":{"line":125,"column":61},"end":{"line":137,"column":13}},"line":125},"14":{"name":"(anonymous_14)","decl":{"start":{"line":138,"column":56},"end":{"line":138,"column":57}},"loc":{"start":{"line":138,"column":68},"end":{"line":154,"column":13}},"line":138},"15":{"name":"(anonymous_15)","decl":{"start":{"line":155,"column":41},"end":{"line":155,"column":42}},"loc":{"start":{"line":155,"column":53},"end":{"line":165,"column":13}},"line":155},"16":{"name":"(anonymous_16)","decl":{"start":{"line":166,"column":53},"end":{"line":166,"column":54}},"loc":{"start":{"line":166,"column":65},"end":{"line":177,"column":13}},"line":166},"17":{"name":"(anonymous_17)","decl":{"start":{"line":178,"column":42},"end":{"line":178,"column":43}},"loc":{"start":{"line":178,"column":54},"end":{"line":185,"column":13}},"line":178},"18":{"name":"(anonymous_18)","decl":{"start":{"line":186,"column":43},"end":{"line":186,"column":44}},"loc":{"start":{"line":186,"column":55},"end":{"line":211,"column":13}},"line":186},"19":{"name":"(anonymous_19)","decl":{"start":{"line":190,"column":30},"end":{"line":190,"column":31}},"loc":{"start":{"line":190,"column":59},"end":{"line":208,"column":21}},"line":190},"20":{"name":"(anonymous_20)","decl":{"start":{"line":212,"column":43},"end":{"line":212,"column":44}},"loc":{"start":{"line":212,"column":55},"end":{"line":221,"column":13}},"line":212},"21":{"name":"(anonymous_21)","decl":{"start":{"line":222,"column":39},"end":{"line":222,"column":40}},"loc":{"start":{"line":222,"column":51},"end":{"line":228,"column":13}},"line":222},"22":{"name":"(anonymous_22)","decl":{"start":{"line":229,"column":40},"end":{"line":229,"column":41}},"loc":{"start":{"line":229,"column":52},"end":{"line":235,"column":13}},"line":229},"23":{"name":"(anonymous_23)","decl":{"start":{"line":236,"column":43},"end":{"line":236,"column":44}},"loc":{"start":{"line":236,"column":55},"end":{"line":239,"column":13}},"line":236},"24":{"name":"(anonymous_24)","decl":{"start":{"line":240,"column":41},"end":{"line":240,"column":42}},"loc":{"start":{"line":240,"column":53},"end":{"line":248,"column":13}},"line":240},"25":{"name":"(anonymous_25)","decl":{"start":{"line":249,"column":42},"end":{"line":249,"column":43}},"loc":{"start":{"line":249,"column":54},"end":{"line":260,"column":13}},"line":249},"26":{"name":"(anonymous_26)","decl":{"start":{"line":261,"column":43},"end":{"line":261,"column":44}},"loc":{"start":{"line":261,"column":55},"end":{"line":265,"column":13}},"line":261},"27":{"name":"(anonymous_27)","decl":{"start":{"line":266,"column":40},"end":{"line":266,"column":41}},"loc":{"start":{"line":266,"column":52},"end":{"line":284,"column":13}},"line":266},"28":{"name":"(anonymous_28)","decl":{"start":{"line":272,"column":32},"end":{"line":272,"column":33}},"loc":{"start":{"line":272,"column":57},"end":{"line":280,"column":17}},"line":272},"29":{"name":"(anonymous_29)","decl":{"start":{"line":286,"column":33},"end":{"line":286,"column":34}},"loc":{"start":{"line":286,"column":45},"end":{"line":298,"column":9}},"line":286},"30":{"name":"(anonymous_30)","decl":{"start":{"line":287,"column":52},"end":{"line":287,"column":53}},"loc":{"start":{"line":287,"column":64},"end":{"line":297,"column":13}},"line":287}},"branchMap":{"0":{"loc":{"start":{"line":2,"column":4},"end":{"line":8,"column":5}},"type":"if","locations":[{"start":{"line":2,"column":4},"end":{"line":8,"column":5}},{"start":{"line":2,"column":4},"end":{"line":8,"column":5}}],"line":2},"1":{"loc":{"start":{"line":2,"column":8},"end":{"line":2,"column":72}},"type":"binary-expr","locations":[{"start":{"line":2,"column":8},"end":{"line":2,"column":34}},{"start":{"line":2,"column":38},"end":{"line":2,"column":72}}],"line":2},"2":{"loc":{"start":{"line":4,"column":8},"end":{"line":4,"column":48}},"type":"if","locations":[{"start":{"line":4,"column":8},"end":{"line":4,"column":48}},{"start":{"line":4,"column":8},"end":{"line":4,"column":48}}],"line":4},"3":{"loc":{"start":{"line":6,"column":9},"end":{"line":8,"column":5}},"type":"if","locations":[{"start":{"line":6,"column":9},"end":{"line":8,"column":5}},{"start":{"line":6,"column":9},"end":{"line":8,"column":5}}],"line":6},"4":{"loc":{"start":{"line":6,"column":13},"end":{"line":6,"column":55}},"type":"binary-expr","locations":[{"start":{"line":6,"column":13},"end":{"line":6,"column":41}},{"start":{"line":6,"column":45},"end":{"line":6,"column":55}}],"line":6},"5":{"loc":{"start":{"line":187,"column":16},"end":{"line":210,"column":17}},"type":"if","locations":[{"start":{"line":187,"column":16},"end":{"line":210,"column":17}},{"start":{"line":187,"column":16},"end":{"line":210,"column":17}}],"line":187},"6":{"loc":{"start":{"line":192,"column":24},"end":{"line":205,"column":25}},"type":"switch","locations":[{"start":{"line":193,"column":28},"end":{"line":195,"column":38}},{"start":{"line":196,"column":28},"end":{"line":198,"column":38}},{"start":{"line":199,"column":28},"end":{"line":202,"column":38}},{"start":{"line":203,"column":28},"end":{"line":204,"column":38}}],"line":192},"7":{"loc":{"start":{"line":273,"column":28},"end":{"line":273,"column":44}},"type":"binary-expr","locations":[{"start":{"line":273,"column":28},"end":{"line":273,"column":35}},{"start":{"line":273,"column":39},"end":{"line":273,"column":44}}],"line":273},"8":{"loc":{"start":{"line":274,"column":29},"end":{"line":274,"column":47}},"type":"binary-expr","locations":[{"start":{"line":274,"column":29},"end":{"line":274,"column":37}},{"start":{"line":274,"column":41},"end":{"line":274,"column":47}}],"line":274},"9":{"loc":{"start":{"line":275,"column":20},"end":{"line":276,"column":33}},"type":"if","locations":[{"start":{"line":275,"column":20},"end":{"line":276,"column":33}},{"start":{"line":275,"column":20},"end":{"line":276,"column":33}}],"line":275},"10":{"loc":{"start":{"line":277,"column":20},"end":{"line":278,"column":34}},"type":"if","locations":[{"start":{"line":277,"column":20},"end":{"line":278,"column":34}},{"start":{"line":277,"column":20},"end":{"line":278,"column":34}}],"line":277}},"s":{"0":1,"1":1,"2":1,"3":1,"4":0,"5":0,"6":0,"7":1,"8":1,"9":1,"10":1,"11":1,"12":1,"13":1,"14":1,"15":1,"16":1,"17":1,"18":1,"19":1,"20":1,"21":1,"22":1,"23":1,"24":1,"25":1,"26":1,"27":1,"28":1,"29":1,"30":1,"31":1,"32":1,"33":1,"34":1,"35":1,"36":1,"37":1,"38":1,"39":1,"40":1,"41":1,"42":1,"43":1,"44":1,"45":1,"46":1,"47":1,"48":1,"49":1,"50":1,"51":1,"52":1,"53":1,"54":1,"55":1,"56":1,"57":1,"58":1,"59":1,"60":1,"61":1,"62":1,"63":1,"64":1,"65":1,"66":1,"67":1,"68":1,"69":1,"70":1,"71":1,"72":1,"73":1,"74":1,"75":1,"76":1,"77":1,"78":1,"79":1,"80":1,"81":1,"82":1,"83":1,"84":1,"85":1,"86":1,"87":1,"88":1,"89":1,"90":1,"91":1,"92":1,"93":1,"94":1,"95":1,"96":1,"97":1,"98":1,"99":1,"100":1,"101":1,"102":1,"103":1,"104":1,"105":1,"106":1,"107":1,"108":1,"109":1,"110":1,"111":1,"112":1,"113":1,"114":1,"115":1,"116":1,"117":1,"118":1,"119":1,"120":1,"121":1,"122":1,"123":1,"124":1,"125":1,"126":1,"127":1,"128":1,"129":1,"130":1,"131":1,"132":1,"133":1,"134":1,"135":1,"136":1,"137":1,"138":1,"139":1,"140":1,"141":1,"142":1,"143":1,"144":1,"145":1,"146":1,"147":1,"148":1,"149":1,"150":1,"151":1,"152":1,"153":1,"154":1,"155":1,"156":1,"157":1,"158":1,"159":1,"160":1,"161":3,"162":3,"163":1,"164":1,"165":1,"166":1,"167":1,"168":1,"169":1,"170":0,"171":3,"172":3,"173":1,"174":1,"175":1,"176":1,"177":1,"178":1,"179":1,"180":4,"181":1,"182":1,"183":1,"184":1,"185":1,"186":1,"187":1,"188":1,"189":1,"190":1,"191":1,"192":1,"193":1,"194":1,"195":1,"196":1,"197":1,"198":1,"199":1,"200":1,"201":1,"202":1,"203":1,"204":1,"205":1,"206":1,"207":1,"208":1,"209":1,"210":1,"211":1,"212":1,"213":1,"214":1,"215":1,"216":1,"217":1,"218":1,"219":1,"220":1,"221":1,"222":1,"223":1,"224":1,"225":1,"226":1,"227":1,"228":2,"229":2,"230":2,"231":0,"232":2,"233":2,"234":0,"235":1,"236":1,"237":1,"238":1,"239":1,"240":1,"241":1,"242":1,"243":1,"244":1,"245":1,"246":1,"247":1,"248":1},"f":{"0":1,"1":1,"2":1,"3":1,"4":1,"5":1,"6":1,"7":1,"8":1,"9":1,"10":1,"11":1,"12":1,"13":1,"14":1,"15":1,"16":1,"17":1,"18":1,"19":3,"20":1,"21":1,"22":1,"23":1,"24":1,"25":1,"26":1,"27":1,"28":2,"29":1,"30":1},"b":{"0":[1,0],"1":[1,1],"2":[0,1],"3":[0,0],"4":[0,0],"5":[1,0],"6":[1,1,1,0],"7":[2,1],"8":[2,2],"9":[0,2],"10":[2,0]},"_coverageSchema":"43e27e138ebf9cfc5966b082cf9a028302ed4184","hash":"f0e774213596f8b281bfddbdee0d39d12f968ff5","contentHash":"76a9548badbc6dec1e71bb1e5b4dbc47ba7db14cc1e0451cb27e8407fec83ce0"},"/Users/joeri/Documents/web/minisync/src/minisync.ts":{"path":"/Users/joeri/Documents/web/minisync/src/minisync.ts","statementMap":{"0":{"start":{"line":1,"column":0},"end":{"line":43,"column":3}},"1":{"start":{"line":2,"column":4},"end":{"line":8,"column":5}},"2":{"start":{"line":3,"column":16},"end":{"line":3,"column":41}},"3":{"start":{"line":4,"column":8},"end":{"line":4,"column":48}},"4":{"start":{"line":4,"column":29},"end":{"line":4,"column":48}},"5":{"start":{"line":6,"column":9},"end":{"line":8,"column":5}},"6":{"start":{"line":7,"column":8},"end":{"line":7,"column":71}},"7":{"start":{"line":11,"column":4},"end":{"line":11,"column":66}},"8":{"start":{"line":12,"column":21},"end":{"line":12,"column":42}},"9":{"start":{"line":13,"column":14},"end":{"line":13,"column":30}},"10":{"start":{"line":23,"column":8},"end":{"line":23,"column":60}},"11":{"start":{"line":25,"column":4},"end":{"line":25,"column":24}},"12":{"start":{"line":31,"column":8},"end":{"line":31,"column":26}},"13":{"start":{"line":33,"column":4},"end":{"line":33,"column":32}},"14":{"start":{"line":40,"column":8},"end":{"line":40,"column":32}},"15":{"start":{"line":42,"column":4},"end":{"line":42,"column":30}}},"fnMap":{"0":{"name":"(anonymous_0)","decl":{"start":{"line":1,"column":1},"end":{"line":1,"column":2}},"loc":{"start":{"line":1,"column":20},"end":{"line":9,"column":1}},"line":1},"1":{"name":"(anonymous_1)","decl":{"start":{"line":9,"column":3},"end":{"line":9,"column":4}},"loc":{"start":{"line":9,"column":31},"end":{"line":43,"column":1}},"line":9},"2":{"name":"from","decl":{"start":{"line":22,"column":13},"end":{"line":22,"column":17}},"loc":{"start":{"line":22,"column":33},"end":{"line":24,"column":5}},"line":22},"3":{"name":"createID","decl":{"start":{"line":30,"column":13},"end":{"line":30,"column":21}},"loc":{"start":{"line":30,"column":24},"end":{"line":32,"column":5}},"line":30},"4":{"name":"restore","decl":{"start":{"line":39,"column":13},"end":{"line":39,"column":20}},"loc":{"start":{"line":39,"column":27},"end":{"line":41,"column":5}},"line":39}},"branchMap":{"0":{"loc":{"start":{"line":2,"column":4},"end":{"line":8,"column":5}},"type":"if","locations":[{"start":{"line":2,"column":4},"end":{"line":8,"column":5}},{"start":{"line":2,"column":4},"end":{"line":8,"column":5}}],"line":2},"1":{"loc":{"start":{"line":2,"column":8},"end":{"line":2,"column":72}},"type":"binary-expr","locations":[{"start":{"line":2,"column":8},"end":{"line":2,"column":34}},{"start":{"line":2,"column":38},"end":{"line":2,"column":72}}],"line":2},"2":{"loc":{"start":{"line":4,"column":8},"end":{"line":4,"column":48}},"type":"if","locations":[{"start":{"line":4,"column":8},"end":{"line":4,"column":48}},{"start":{"line":4,"column":8},"end":{"line":4,"column":48}}],"line":4},"3":{"loc":{"start":{"line":6,"column":9},"end":{"line":8,"column":5}},"type":"if","locations":[{"start":{"line":6,"column":9},"end":{"line":8,"column":5}},{"start":{"line":6,"column":9},"end":{"line":8,"column":5}}],"line":6},"4":{"loc":{"start":{"line":6,"column":13},"end":{"line":6,"column":55}},"type":"binary-expr","locations":[{"start":{"line":6,"column":13},"end":{"line":6,"column":41}},{"start":{"line":6,"column":45},"end":{"line":6,"column":55}}],"line":6},"5":{"loc":{"start":{"line":23,"column":39},"end":{"line":23,"column":49}},"type":"binary-expr","locations":[{"start":{"line":23,"column":39},"end":{"line":23,"column":43}},{"start":{"line":23,"column":47},"end":{"line":23,"column":49}}],"line":23}},"s":{"0":1,"1":1,"2":1,"3":1,"4":0,"5":0,"6":0,"7":1,"8":1,"9":1,"10":65,"11":1,"12":0,"13":1,"14":4,"15":1},"f":{"0":1,"1":1,"2":65,"3":0,"4":4},"b":{"0":[1,0],"1":[1,1],"2":[0,1],"3":[0,0],"4":[0,0],"5":[65,2]},"_coverageSchema":"43e27e138ebf9cfc5966b082cf9a028302ed4184","hash":"6c87fd0943254e14054d6675f9657258ce251f6e","contentHash":"3cff09008aea0bc8ec7c2718670abe8a3e206bd605acd8299510083d3aef3f6e"},"/Users/joeri/Documents/web/minisync/src/document.ts":{"path":"/Users/joeri/Documents/web/minisync/src/document.ts","statementMap":{"0":{"start":{"line":1,"column":16},"end":{"line":13,"column":4}},"1":{"start":{"line":2,"column":24},"end":{"line":7,"column":5}},"2":{"start":{"line":3,"column":8},"end":{"line":5,"column":87}},"3":{"start":{"line":4,"column":69},"end":{"line":4,"column":85}},"4":{"start":{"line":5,"column":30},"end":{"line":5,"column":84}},"5":{"start":{"line":5,"column":47},"end":{"line":5,"column":84}},"6":{"start":{"line":5,"column":72},"end":{"line":5,"column":84}},"7":{"start":{"line":6,"column":8},"end":{"line":6,"column":35}},"8":{"start":{"line":8,"column":4},"end":{"line":12,"column":6}},"9":{"start":{"line":9,"column":8},"end":{"line":9,"column":28}},"10":{"start":{"line":10,"column":24},"end":{"line":10,"column":45}},"11":{"start":{"line":11,"column":8},"end":{"line":11,"column":93}},"12":{"start":{"line":14,"column":0},"end":{"line":251,"column":3}},"13":{"start":{"line":15,"column":4},"end":{"line":21,"column":5}},"14":{"start":{"line":16,"column":16},"end":{"line":16,"column":41}},"15":{"start":{"line":17,"column":8},"end":{"line":17,"column":48}},"16":{"start":{"line":17,"column":29},"end":{"line":17,"column":48}},"17":{"start":{"line":19,"column":9},"end":{"line":21,"column":5}},"18":{"start":{"line":20,"column":8},"end":{"line":20,"column":94}},"19":{"start":{"line":24,"column":4},"end":{"line":24,"column":66}},"20":{"start":{"line":25,"column":17},"end":{"line":25,"column":36}},"21":{"start":{"line":26,"column":21},"end":{"line":26,"column":42}},"22":{"start":{"line":27,"column":18},"end":{"line":27,"column":36}},"23":{"start":{"line":28,"column":14},"end":{"line":28,"column":30}},"24":{"start":{"line":35,"column":34},"end":{"line":249,"column":26}},"25":{"start":{"line":36,"column":8},"end":{"line":36,"column":36}},"26":{"start":{"line":44,"column":24},"end":{"line":44,"column":28}},"27":{"start":{"line":45,"column":12},"end":{"line":46,"column":62}},"28":{"start":{"line":46,"column":16},"end":{"line":46,"column":62}},"29":{"start":{"line":47,"column":12},"end":{"line":48,"column":63}},"30":{"start":{"line":48,"column":16},"end":{"line":48,"column":63}},"31":{"start":{"line":49,"column":28},"end":{"line":49,"column":107}},"32":{"start":{"line":50,"column":12},"end":{"line":51,"column":66}},"33":{"start":{"line":51,"column":16},"end":{"line":51,"column":66}},"34":{"start":{"line":52,"column":30},"end":{"line":52,"column":51}},"35":{"start":{"line":53,"column":32},"end":{"line":53,"column":52}},"36":{"start":{"line":54,"column":12},"end":{"line":54,"column":46}},"37":{"start":{"line":55,"column":12},"end":{"line":55,"column":37}},"38":{"start":{"line":56,"column":12},"end":{"line":78,"column":13}},"39":{"start":{"line":57,"column":16},"end":{"line":57,"column":34}},"40":{"start":{"line":59,"column":16},"end":{"line":59,"column":38}},"41":{"start":{"line":60,"column":16},"end":{"line":60,"column":41}},"42":{"start":{"line":62,"column":35},"end":{"line":62,"column":58}},"43":{"start":{"line":63,"column":16},"end":{"line":66,"column":17}},"44":{"start":{"line":63,"column":30},"end":{"line":63,"column":31}},"45":{"start":{"line":63,"column":50},"end":{"line":63,"column":62}},"46":{"start":{"line":64,"column":38},"end":{"line":64,"column":56}},"47":{"start":{"line":65,"column":20},"end":{"line":65,"column":73}},"48":{"start":{"line":68,"column":17},"end":{"line":78,"column":13}},"49":{"start":{"line":69,"column":16},"end":{"line":69,"column":50}},"50":{"start":{"line":70,"column":16},"end":{"line":70,"column":47}},"51":{"start":{"line":71,"column":16},"end":{"line":71,"column":54}},"52":{"start":{"line":72,"column":16},"end":{"line":72,"column":57}},"53":{"start":{"line":75,"column":16},"end":{"line":75,"column":36}},"54":{"start":{"line":77,"column":16},"end":{"line":77,"column":38}},"55":{"start":{"line":79,"column":12},"end":{"line":79,"column":25}},"56":{"start":{"line":85,"column":8},"end":{"line":90,"column":10}},"57":{"start":{"line":86,"column":24},"end":{"line":86,"column":39}},"58":{"start":{"line":87,"column":12},"end":{"line":88,"column":48}},"59":{"start":{"line":88,"column":16},"end":{"line":88,"column":48}},"60":{"start":{"line":89,"column":12},"end":{"line":89,"column":34}},"61":{"start":{"line":95,"column":8},"end":{"line":100,"column":10}},"62":{"start":{"line":96,"column":26},"end":{"line":96,"column":43}},"63":{"start":{"line":97,"column":12},"end":{"line":98,"column":48}},"64":{"start":{"line":98,"column":16},"end":{"line":98,"column":48}},"65":{"start":{"line":99,"column":12},"end":{"line":99,"column":27}},"66":{"start":{"line":105,"column":8},"end":{"line":108,"column":10}},"67":{"start":{"line":106,"column":12},"end":{"line":107,"column":58}},"68":{"start":{"line":114,"column":8},"end":{"line":128,"column":10}},"69":{"start":{"line":115,"column":25},"end":{"line":115,"column":47}},"70":{"start":{"line":116,"column":29},"end":{"line":116,"column":90}},"71":{"start":{"line":116,"column":56},"end":{"line":116,"column":87}},"72":{"start":{"line":117,"column":12},"end":{"line":126,"column":19}},"73":{"start":{"line":118,"column":16},"end":{"line":126,"column":19}},"74":{"start":{"line":127,"column":12},"end":{"line":127,"column":30}},"75":{"start":{"line":133,"column":8},"end":{"line":138,"column":10}},"76":{"start":{"line":134,"column":24},"end":{"line":134,"column":39}},"77":{"start":{"line":135,"column":12},"end":{"line":136,"column":34}},"78":{"start":{"line":136,"column":16},"end":{"line":136,"column":34}},"79":{"start":{"line":137,"column":12},"end":{"line":137,"column":32}},"80":{"start":{"line":146,"column":8},"end":{"line":153,"column":10}},"81":{"start":{"line":147,"column":31},"end":{"line":147,"column":35}},"82":{"start":{"line":148,"column":12},"end":{"line":151,"column":13}},"83":{"start":{"line":149,"column":34},"end":{"line":149,"column":63}},"84":{"start":{"line":150,"column":16},"end":{"line":150,"column":60}},"85":{"start":{"line":152,"column":12},"end":{"line":152,"column":49}},"86":{"start":{"line":161,"column":8},"end":{"line":174,"column":10}},"87":{"start":{"line":162,"column":12},"end":{"line":162,"column":63}},"88":{"start":{"line":162,"column":42},"end":{"line":162,"column":61}},"89":{"start":{"line":163,"column":12},"end":{"line":173,"column":14}},"90":{"start":{"line":180,"column":8},"end":{"line":225,"column":10}},"91":{"start":{"line":181,"column":12},"end":{"line":224,"column":13}},"92":{"start":{"line":183,"column":34},"end":{"line":183,"column":66}},"93":{"start":{"line":185,"column":34},"end":{"line":185,"column":38}},"94":{"start":{"line":186,"column":16},"end":{"line":192,"column":17}},"95":{"start":{"line":186,"column":30},"end":{"line":186,"column":31}},"96":{"start":{"line":186,"column":38},"end":{"line":186,"column":55}},"97":{"start":{"line":187,"column":40},"end":{"line":187,"column":46}},"98":{"start":{"line":188,"column":20},"end":{"line":191,"column":21}},"99":{"start":{"line":189,"column":24},"end":{"line":189,"column":52}},"100":{"start":{"line":190,"column":24},"end":{"line":190,"column":30}},"101":{"start":{"line":193,"column":16},"end":{"line":195,"column":17}},"102":{"start":{"line":194,"column":20},"end":{"line":194,"column":76}},"103":{"start":{"line":196,"column":33},"end":{"line":196,"column":86}},"104":{"start":{"line":198,"column":16},"end":{"line":198,"column":84}},"105":{"start":{"line":199,"column":16},"end":{"line":199,"column":60}},"106":{"start":{"line":200,"column":16},"end":{"line":215,"column":17}},"107":{"start":{"line":200,"column":30},"end":{"line":200,"column":31}},"108":{"start":{"line":200,"column":38},"end":{"line":200,"column":55}},"109":{"start":{"line":201,"column":20},"end":{"line":201,"column":41}},"110":{"start":{"line":202,"column":20},"end":{"line":214,"column":21}},"111":{"start":{"line":203,"column":41},"end":{"line":203,"column":82}},"112":{"start":{"line":205,"column":24},"end":{"line":207,"column":25}},"113":{"start":{"line":206,"column":28},"end":{"line":206,"column":79}},"114":{"start":{"line":211,"column":24},"end":{"line":213,"column":25}},"115":{"start":{"line":212,"column":28},"end":{"line":212,"column":79}},"116":{"start":{"line":218,"column":16},"end":{"line":220,"column":17}},"117":{"start":{"line":219,"column":20},"end":{"line":219,"column":72}},"118":{"start":{"line":223,"column":16},"end":{"line":223,"column":58}},"119":{"start":{"line":230,"column":8},"end":{"line":232,"column":10}},"120":{"start":{"line":231,"column":12},"end":{"line":231,"column":42}},"121":{"start":{"line":237,"column":8},"end":{"line":239,"column":10}},"122":{"start":{"line":238,"column":12},"end":{"line":238,"column":34}},"123":{"start":{"line":244,"column":8},"end":{"line":247,"column":10}},"124":{"start":{"line":245,"column":24},"end":{"line":245,"column":39}},"125":{"start":{"line":246,"column":12},"end":{"line":246,"column":40}},"126":{"start":{"line":248,"column":8},"end":{"line":248,"column":24}},"127":{"start":{"line":250,"column":4},"end":{"line":250,"column":32}}},"fnMap":{"0":{"name":"(anonymous_0)","decl":{"start":{"line":1,"column":45},"end":{"line":1,"column":46}},"loc":{"start":{"line":1,"column":57},"end":{"line":13,"column":1}},"line":1},"1":{"name":"(anonymous_1)","decl":{"start":{"line":2,"column":24},"end":{"line":2,"column":25}},"loc":{"start":{"line":2,"column":40},"end":{"line":7,"column":5}},"line":2},"2":{"name":"(anonymous_2)","decl":{"start":{"line":4,"column":51},"end":{"line":4,"column":52}},"loc":{"start":{"line":4,"column":67},"end":{"line":4,"column":87}},"line":4},"3":{"name":"(anonymous_3)","decl":{"start":{"line":5,"column":12},"end":{"line":5,"column":13}},"loc":{"start":{"line":5,"column":28},"end":{"line":5,"column":86}},"line":5},"4":{"name":"(anonymous_4)","decl":{"start":{"line":8,"column":11},"end":{"line":8,"column":12}},"loc":{"start":{"line":8,"column":27},"end":{"line":12,"column":5}},"line":8},"5":{"name":"__","decl":{"start":{"line":10,"column":17},"end":{"line":10,"column":19}},"loc":{"start":{"line":10,"column":22},"end":{"line":10,"column":47}},"line":10},"6":{"name":"(anonymous_6)","decl":{"start":{"line":14,"column":1},"end":{"line":14,"column":2}},"loc":{"start":{"line":14,"column":20},"end":{"line":22,"column":1}},"line":14},"7":{"name":"(anonymous_7)","decl":{"start":{"line":22,"column":3},"end":{"line":22,"column":4}},"loc":{"start":{"line":22,"column":31},"end":{"line":251,"column":1}},"line":22},"8":{"name":"(anonymous_8)","decl":{"start":{"line":35,"column":34},"end":{"line":35,"column":35}},"loc":{"start":{"line":35,"column":52},"end":{"line":249,"column":5}},"line":35},"9":{"name":"Document","decl":{"start":{"line":43,"column":17},"end":{"line":43,"column":25}},"loc":{"start":{"line":43,"column":41},"end":{"line":80,"column":9}},"line":43},"10":{"name":"(anonymous_10)","decl":{"start":{"line":85,"column":41},"end":{"line":85,"column":42}},"loc":{"start":{"line":85,"column":53},"end":{"line":90,"column":9}},"line":85},"11":{"name":"(anonymous_11)","decl":{"start":{"line":95,"column":43},"end":{"line":95,"column":44}},"loc":{"start":{"line":95,"column":55},"end":{"line":100,"column":9}},"line":95},"12":{"name":"(anonymous_12)","decl":{"start":{"line":105,"column":44},"end":{"line":105,"column":45}},"loc":{"start":{"line":105,"column":56},"end":{"line":108,"column":9}},"line":105},"13":{"name":"(anonymous_13)","decl":{"start":{"line":114,"column":44},"end":{"line":114,"column":45}},"loc":{"start":{"line":114,"column":64},"end":{"line":128,"column":9}},"line":114},"14":{"name":"(anonymous_14)","decl":{"start":{"line":116,"column":41},"end":{"line":116,"column":42}},"loc":{"start":{"line":116,"column":54},"end":{"line":116,"column":89}},"line":116},"15":{"name":"(anonymous_15)","decl":{"start":{"line":133,"column":45},"end":{"line":133,"column":46}},"loc":{"start":{"line":133,"column":57},"end":{"line":138,"column":9}},"line":133},"16":{"name":"(anonymous_16)","decl":{"start":{"line":146,"column":49},"end":{"line":146,"column":50}},"loc":{"start":{"line":146,"column":69},"end":{"line":153,"column":9}},"line":146},"17":{"name":"(anonymous_17)","decl":{"start":{"line":161,"column":40},"end":{"line":161,"column":41}},"loc":{"start":{"line":161,"column":63},"end":{"line":174,"column":9}},"line":161},"18":{"name":"(anonymous_18)","decl":{"start":{"line":180,"column":42},"end":{"line":180,"column":43}},"loc":{"start":{"line":180,"column":58},"end":{"line":225,"column":9}},"line":180},"19":{"name":"(anonymous_19)","decl":{"start":{"line":230,"column":41},"end":{"line":230,"column":42}},"loc":{"start":{"line":230,"column":55},"end":{"line":232,"column":9}},"line":230},"20":{"name":"(anonymous_20)","decl":{"start":{"line":237,"column":43},"end":{"line":237,"column":44}},"loc":{"start":{"line":237,"column":56},"end":{"line":239,"column":9}},"line":237},"21":{"name":"(anonymous_21)","decl":{"start":{"line":244,"column":45},"end":{"line":244,"column":46}},"loc":{"start":{"line":244,"column":63},"end":{"line":247,"column":9}},"line":244}},"branchMap":{"0":{"loc":{"start":{"line":1,"column":16},"end":{"line":13,"column":4}},"type":"binary-expr","locations":[{"start":{"line":1,"column":17},"end":{"line":1,"column":21}},{"start":{"line":1,"column":25},"end":{"line":1,"column":39}},{"start":{"line":1,"column":44},"end":{"line":13,"column":4}}],"line":1},"1":{"loc":{"start":{"line":3,"column":24},"end":{"line":5,"column":86}},"type":"binary-expr","locations":[{"start":{"line":3,"column":24},"end":{"line":3,"column":45}},{"start":{"line":4,"column":13},"end":{"line":4,"column":47}},{"start":{"line":4,"column":51},"end":{"line":4,"column":87}},{"start":{"line":5,"column":12},"end":{"line":5,"column":86}}],"line":3},"2":{"loc":{"start":{"line":5,"column":47},"end":{"line":5,"column":84}},"type":"if","locations":[{"start":{"line":5,"column":47},"end":{"line":5,"column":84}},{"start":{"line":5,"column":47},"end":{"line":5,"column":84}}],"line":5},"3":{"loc":{"start":{"line":11,"column":22},"end":{"line":11,"column":92}},"type":"cond-expr","locations":[{"start":{"line":11,"column":35},"end":{"line":11,"column":51}},{"start":{"line":11,"column":55},"end":{"line":11,"column":91}}],"line":11},"4":{"loc":{"start":{"line":15,"column":4},"end":{"line":21,"column":5}},"type":"if","locations":[{"start":{"line":15,"column":4},"end":{"line":21,"column":5}},{"start":{"line":15,"column":4},"end":{"line":21,"column":5}}],"line":15},"5":{"loc":{"start":{"line":15,"column":8},"end":{"line":15,"column":72}},"type":"binary-expr","locations":[{"start":{"line":15,"column":8},"end":{"line":15,"column":34}},{"start":{"line":15,"column":38},"end":{"line":15,"column":72}}],"line":15},"6":{"loc":{"start":{"line":17,"column":8},"end":{"line":17,"column":48}},"type":"if","locations":[{"start":{"line":17,"column":8},"end":{"line":17,"column":48}},{"start":{"line":17,"column":8},"end":{"line":17,"column":48}}],"line":17},"7":{"loc":{"start":{"line":19,"column":9},"end":{"line":21,"column":5}},"type":"if","locations":[{"start":{"line":19,"column":9},"end":{"line":21,"column":5}},{"start":{"line":19,"column":9},"end":{"line":21,"column":5}}],"line":19},"8":{"loc":{"start":{"line":19,"column":13},"end":{"line":19,"column":55}},"type":"binary-expr","locations":[{"start":{"line":19,"column":13},"end":{"line":19,"column":41}},{"start":{"line":19,"column":45},"end":{"line":19,"column":55}}],"line":19},"9":{"loc":{"start":{"line":45,"column":12},"end":{"line":46,"column":62}},"type":"if","locations":[{"start":{"line":45,"column":12},"end":{"line":46,"column":62}},{"start":{"line":45,"column":12},"end":{"line":46,"column":62}}],"line":45},"10":{"loc":{"start":{"line":47,"column":12},"end":{"line":48,"column":63}},"type":"if","locations":[{"start":{"line":47,"column":12},"end":{"line":48,"column":63}},{"start":{"line":47,"column":12},"end":{"line":48,"column":63}}],"line":47},"11":{"loc":{"start":{"line":49,"column":28},"end":{"line":49,"column":107}},"type":"binary-expr","locations":[{"start":{"line":49,"column":28},"end":{"line":49,"column":32}},{"start":{"line":49,"column":36},"end":{"line":49,"column":50}},{"start":{"line":49,"column":55},"end":{"line":49,"column":92}}],"line":49},"12":{"loc":{"start":{"line":50,"column":12},"end":{"line":51,"column":66}},"type":"if","locations":[{"start":{"line":50,"column":12},"end":{"line":51,"column":66}},{"start":{"line":50,"column":12},"end":{"line":51,"column":66}}],"line":50},"13":{"loc":{"start":{"line":50,"column":16},"end":{"line":50,"column":46}},"type":"binary-expr","locations":[{"start":{"line":50,"column":16},"end":{"line":50,"column":25}},{"start":{"line":50,"column":29},"end":{"line":50,"column":46}}],"line":50},"14":{"loc":{"start":{"line":52,"column":30},"end":{"line":52,"column":51}},"type":"binary-expr","locations":[{"start":{"line":52,"column":30},"end":{"line":52,"column":39}},{"start":{"line":52,"column":43},"end":{"line":52,"column":51}}],"line":52},"15":{"loc":{"start":{"line":53,"column":32},"end":{"line":53,"column":52}},"type":"binary-expr","locations":[{"start":{"line":53,"column":32},"end":{"line":53,"column":41}},{"start":{"line":53,"column":45},"end":{"line":53,"column":52}}],"line":53},"16":{"loc":{"start":{"line":54,"column":20},"end":{"line":54,"column":45}},"type":"binary-expr","locations":[{"start":{"line":54,"column":20},"end":{"line":54,"column":37}},{"start":{"line":54,"column":41},"end":{"line":54,"column":45}}],"line":54},"17":{"loc":{"start":{"line":56,"column":12},"end":{"line":78,"column":13}},"type":"if","locations":[{"start":{"line":56,"column":12},"end":{"line":78,"column":13}},{"start":{"line":56,"column":12},"end":{"line":78,"column":13}}],"line":56},"18":{"loc":{"start":{"line":68,"column":17},"end":{"line":78,"column":13}},"type":"if","locations":[{"start":{"line":68,"column":17},"end":{"line":78,"column":13}},{"start":{"line":68,"column":17},"end":{"line":78,"column":13}}],"line":68},"19":{"loc":{"start":{"line":87,"column":12},"end":{"line":88,"column":48}},"type":"if","locations":[{"start":{"line":87,"column":12},"end":{"line":88,"column":48}},{"start":{"line":87,"column":12},"end":{"line":88,"column":48}}],"line":87},"20":{"loc":{"start":{"line":97,"column":12},"end":{"line":98,"column":48}},"type":"if","locations":[{"start":{"line":97,"column":12},"end":{"line":98,"column":48}},{"start":{"line":97,"column":12},"end":{"line":98,"column":48}}],"line":97},"21":{"loc":{"start":{"line":117,"column":12},"end":{"line":126,"column":19}},"type":"if","locations":[{"start":{"line":117,"column":12},"end":{"line":126,"column":19}},{"start":{"line":117,"column":12},"end":{"line":126,"column":19}}],"line":117},"22":{"loc":{"start":{"line":135,"column":12},"end":{"line":136,"column":34}},"type":"if","locations":[{"start":{"line":135,"column":12},"end":{"line":136,"column":34}},{"start":{"line":135,"column":12},"end":{"line":136,"column":34}}],"line":135},"23":{"loc":{"start":{"line":148,"column":12},"end":{"line":151,"column":13}},"type":"if","locations":[{"start":{"line":148,"column":12},"end":{"line":151,"column":13}},{"start":{"line":148,"column":12},"end":{"line":151,"column":13}}],"line":148},"24":{"loc":{"start":{"line":162,"column":12},"end":{"line":162,"column":63}},"type":"if","locations":[{"start":{"line":162,"column":12},"end":{"line":162,"column":63}},{"start":{"line":162,"column":12},"end":{"line":162,"column":63}}],"line":162},"25":{"loc":{"start":{"line":181,"column":12},"end":{"line":224,"column":13}},"type":"if","locations":[{"start":{"line":181,"column":12},"end":{"line":224,"column":13}},{"start":{"line":181,"column":12},"end":{"line":224,"column":13}}],"line":181},"26":{"loc":{"start":{"line":188,"column":20},"end":{"line":191,"column":21}},"type":"if","locations":[{"start":{"line":188,"column":20},"end":{"line":191,"column":21}},{"start":{"line":188,"column":20},"end":{"line":191,"column":21}}],"line":188},"27":{"loc":{"start":{"line":193,"column":16},"end":{"line":195,"column":17}},"type":"if","locations":[{"start":{"line":193,"column":16},"end":{"line":195,"column":17}},{"start":{"line":193,"column":16},"end":{"line":195,"column":17}}],"line":193},"28":{"loc":{"start":{"line":193,"column":20},"end":{"line":193,"column":92}},"type":"binary-expr","locations":[{"start":{"line":193,"column":20},"end":{"line":193,"column":31}},{"start":{"line":193,"column":36},"end":{"line":193,"column":91}}],"line":193},"29":{"loc":{"start":{"line":202,"column":20},"end":{"line":214,"column":21}},"type":"if","locations":[{"start":{"line":202,"column":20},"end":{"line":214,"column":21}},{"start":{"line":202,"column":20},"end":{"line":214,"column":21}}],"line":202},"30":{"loc":{"start":{"line":205,"column":24},"end":{"line":207,"column":25}},"type":"if","locations":[{"start":{"line":205,"column":24},"end":{"line":207,"column":25}},{"start":{"line":205,"column":24},"end":{"line":207,"column":25}}],"line":205},"31":{"loc":{"start":{"line":211,"column":24},"end":{"line":213,"column":25}},"type":"if","locations":[{"start":{"line":211,"column":24},"end":{"line":213,"column":25}},{"start":{"line":211,"column":24},"end":{"line":213,"column":25}}],"line":211},"32":{"loc":{"start":{"line":211,"column":28},"end":{"line":211,"column":93}},"type":"binary-expr","locations":[{"start":{"line":211,"column":28},"end":{"line":211,"column":38}},{"start":{"line":211,"column":43},"end":{"line":211,"column":92}}],"line":211},"33":{"loc":{"start":{"line":218,"column":16},"end":{"line":220,"column":17}},"type":"if","locations":[{"start":{"line":218,"column":16},"end":{"line":220,"column":17}},{"start":{"line":218,"column":16},"end":{"line":220,"column":17}}],"line":218},"34":{"loc":{"start":{"line":246,"column":27},"end":{"line":246,"column":39}},"type":"binary-expr","locations":[{"start":{"line":246,"column":27},"end":{"line":246,"column":33}},{"start":{"line":246,"column":37},"end":{"line":246,"column":39}}],"line":246}},"s":{"0":1,"1":1,"2":1,"3":0,"4":0,"5":0,"6":0,"7":1,"8":1,"9":1,"10":1,"11":1,"12":1,"13":1,"14":1,"15":1,"16":0,"17":0,"18":0,"19":1,"20":1,"21":1,"22":1,"23":1,"24":1,"25":1,"26":65,"27":65,"28":0,"29":65,"30":0,"31":65,"32":65,"33":0,"34":65,"35":65,"36":65,"37":65,"38":65,"39":12,"40":12,"41":12,"42":12,"43":12,"44":12,"45":12,"46":13,"47":13,"48":53,"49":4,"50":4,"51":4,"52":4,"53":49,"54":49,"55":65,"56":1,"57":124,"58":124,"59":29,"60":124,"61":1,"62":368,"63":368,"64":65,"65":368,"66":1,"67":169,"68":1,"69":50,"70":50,"71":28,"72":50,"73":26,"74":50,"75":1,"76":113,"77":113,"78":36,"79":113,"80":1,"81":13,"82":13,"83":13,"84":13,"85":13,"86":1,"87":51,"88":31,"89":51,"90":1,"91":35,"92":35,"93":35,"94":35,"95":35,"96":35,"97":16,"98":16,"99":14,"100":14,"101":35,"102":10,"103":35,"104":35,"105":35,"106":35,"107":35,"108":35,"109":16,"110":16,"111":2,"112":2,"113":2,"114":2,"115":0,"116":35,"117":17,"118":0,"119":1,"120":6,"121":1,"122":4,"123":1,"124":4,"125":4,"126":1,"127":1},"f":{"0":1,"1":1,"2":0,"3":0,"4":1,"5":1,"6":1,"7":1,"8":1,"9":65,"10":124,"11":368,"12":169,"13":50,"14":28,"15":113,"16":13,"17":51,"18":35,"19":6,"20":4,"21":4},"b":{"0":[1,1,1],"1":[1,0,0,0],"2":[0,0],"3":[0,1],"4":[1,0],"5":[1,1],"6":[0,1],"7":[0,0],"8":[0,0],"9":[0,65],"10":[0,65],"11":[65,65,16],"12":[0,65],"13":[65,16],"14":[65,16],"15":[65,16],"16":[65,65],"17":[12,53],"18":[4,49],"19":[29,95],"20":[65,303],"21":[26,24],"22":[36,77],"23":[13,0],"24":[31,20],"25":[35,0],"26":[14,2],"27":[10,25],"28":[35,14],"29":[2,14],"30":[2,0],"31":[0,2],"32":[2,1],"33":[17,18],"34":[4,0]},"_coverageSchema":"43e27e138ebf9cfc5966b082cf9a028302ed4184","hash":"1ac43b9697ff42bae7d490bd4b2892008c847b74","contentHash":"4414e108bc6b888371e9dcf6cd7e47a8ec8da39de76e3f5449e84c5342d86edc"},"/Users/joeri/Documents/web/minisync/src/syncable.ts":{"path":"/Users/joeri/Documents/web/minisync/src/syncable.ts","statementMap":{"0":{"start":{"line":1,"column":16},"end":{"line":13,"column":4}},"1":{"start":{"line":2,"column":24},"end":{"line":7,"column":5}},"2":{"start":{"line":3,"column":8},"end":{"line":5,"column":87}},"3":{"start":{"line":4,"column":69},"end":{"line":4,"column":85}},"4":{"start":{"line":5,"column":30},"end":{"line":5,"column":84}},"5":{"start":{"line":5,"column":47},"end":{"line":5,"column":84}},"6":{"start":{"line":5,"column":72},"end":{"line":5,"column":84}},"7":{"start":{"line":6,"column":8},"end":{"line":6,"column":35}},"8":{"start":{"line":8,"column":4},"end":{"line":12,"column":6}},"9":{"start":{"line":9,"column":8},"end":{"line":9,"column":28}},"10":{"start":{"line":10,"column":24},"end":{"line":10,"column":45}},"11":{"start":{"line":11,"column":8},"end":{"line":11,"column":93}},"12":{"start":{"line":14,"column":0},"end":{"line":940,"column":3}},"13":{"start":{"line":15,"column":4},"end":{"line":21,"column":5}},"14":{"start":{"line":16,"column":16},"end":{"line":16,"column":41}},"15":{"start":{"line":17,"column":8},"end":{"line":17,"column":48}},"16":{"start":{"line":17,"column":29},"end":{"line":17,"column":48}},"17":{"start":{"line":19,"column":9},"end":{"line":21,"column":5}},"18":{"start":{"line":20,"column":8},"end":{"line":20,"column":80}},"19":{"start":{"line":24,"column":4},"end":{"line":24,"column":66}},"20":{"start":{"line":25,"column":19},"end":{"line":25,"column":38}},"21":{"start":{"line":26,"column":18},"end":{"line":26,"column":36}},"22":{"start":{"line":27,"column":14},"end":{"line":27,"column":30}},"23":{"start":{"line":31,"column":34},"end":{"line":422,"column":7}},"24":{"start":{"line":39,"column":12},"end":{"line":40,"column":43}},"25":{"start":{"line":40,"column":16},"end":{"line":40,"column":43}},"26":{"start":{"line":41,"column":12},"end":{"line":42,"column":44}},"27":{"start":{"line":42,"column":16},"end":{"line":42,"column":44}},"28":{"start":{"line":49,"column":8},"end":{"line":72,"column":10}},"29":{"start":{"line":50,"column":12},"end":{"line":51,"column":28}},"30":{"start":{"line":51,"column":16},"end":{"line":51,"column":28}},"31":{"start":{"line":52,"column":25},"end":{"line":52,"column":34}},"32":{"start":{"line":53,"column":12},"end":{"line":68,"column":13}},"33":{"start":{"line":54,"column":16},"end":{"line":54,"column":28}},"34":{"start":{"line":55,"column":16},"end":{"line":67,"column":17}},"35":{"start":{"line":56,"column":20},"end":{"line":66,"column":21}},"36":{"start":{"line":57,"column":32},"end":{"line":57,"column":73}},"37":{"start":{"line":58,"column":24},"end":{"line":65,"column":25}},"38":{"start":{"line":59,"column":28},"end":{"line":60,"column":41}},"39":{"start":{"line":60,"column":32},"end":{"line":60,"column":41}},"40":{"start":{"line":61,"column":28},"end":{"line":61,"column":52}},"41":{"start":{"line":64,"column":28},"end":{"line":64,"column":42}},"42":{"start":{"line":69,"column":12},"end":{"line":70,"column":33}},"43":{"start":{"line":70,"column":16},"end":{"line":70,"column":33}},"44":{"start":{"line":71,"column":12},"end":{"line":71,"column":26}},"45":{"start":{"line":78,"column":8},"end":{"line":80,"column":10}},"46":{"start":{"line":79,"column":12},"end":{"line":79,"column":29}},"47":{"start":{"line":92,"column":8},"end":{"line":107,"column":10}},"48":{"start":{"line":93,"column":12},"end":{"line":94,"column":57}},"49":{"start":{"line":94,"column":16},"end":{"line":94,"column":57}},"50":{"start":{"line":95,"column":12},"end":{"line":105,"column":13}},"51":{"start":{"line":96,"column":16},"end":{"line":97,"column":65}},"52":{"start":{"line":97,"column":20},"end":{"line":97,"column":65}},"53":{"start":{"line":98,"column":
[...]
1}},"122":{"start":{"line":158,"column":29},"end":{"line":158,"column":59}},"123":{"start":{"line":159,"column":20},"end":{"line":159,"column":51}},"124":{"start":{"line":160,"column":20},"end":{"line":160,"column":51}},"125":{"start":{"line":161,"column":20},"end":{"line":161,"column":40}},"126":{"start":{"line":165,"column":44},"end":{"line":169,"column":21}},"127":{"start":{"line":170,"column":48},"end":{"line":170,"column":49}},"128":{"start":{"line":171,"column":20},"end":{"line":174,"column":23}},"129":{"start":{"line":172,"column":47},"end":{"line":172,"column":89}},"130":{"start":{"line":173,"column":24},"end":{"line":173,"column":80}},"131":{"start":{"line":175,"column":20},"end":{"line":175,"column":53}},"132":{"start":{"line":176,"column":20},"end":{"line":176,"column":62}},"133":{"start":{"line":177,"column":20},"end":{"line":177,"column":36}},"134":{"start":{"line":179,"column":16},"end":{"line":190,"column":19}},"135":{"start":{"line":180,"column":29},"end":{"line":180,"column":71}},"136":{"start":{"line":181,"column":29},"end":{"line":181,"column":46}},"137":{"start":{"line":182,"column":20},"end":{"line":182,"column":53}},"138":{"start":{"line":183,"column":20},"end":{"line":183,"column":100}},"139":{"start":{"line":184,"column":20},"end":{"line":184,"column":40}},"140":{"start":{"line":185,"column":20},"end":{"line":185,"column":53}},"141":{"start":{"line":186,"column":20},"end":{"line":186,"column":57}},"142":{"start":{"line":187,"column":20},"end":{"line":187,"column":38}},"143":{"start":{"line":188,"column":20},"end":{"line":188,"column":53}},"144":{"start":{"line":189,"column":20},"end":{"line":189,"column":100}},"145":{"start":{"line":191,"column":16},"end":{"line":201,"column":19}},"146":{"start":{"line":192,"column":29},"end":{"line":192,"column":83}},"147":{"start":{"line":193,"column":29},"end":{"line":193,"column":59}},"148":{"start":{"line":194,"column":20},"end":{"line":194,"column":100}},"149":{"start":{"line":196,"column":20},"end":{"line":196,"column":53}},"150":{"start":{"line":198,"column":20},"end":{"line":198,"column":57}},"151":{"start":{"line":199,"column":20},"end":{"line":199,"column":53}},"152":{"start":{"line":200,"column":20},"end":{"line":200,"column":100}},"153":{"start":{"line":202,"column":16},"end":{"line":214,"column":19}},"154":{"start":{"line":203,"column":29},"end":{"line":203,"column":71}},"155":{"start":{"line":204,"column":29},"end":{"line":204,"column":59}},"156":{"start":{"line":205,"column":20},"end":{"line":205,"column":40}},"157":{"start":{"line":206,"column":20},"end":{"line":206,"column":48}},"158":{"start":{"line":207,"column":20},"end":{"line":207,"column":55}},"159":{"start":{"line":208,"column":20},"end":{"line":208,"column":53}},"160":{"start":{"line":209,"column":20},"end":{"line":209,"column":61}},"161":{"start":{"line":210,"column":20},"end":{"line":210,"column":57}},"162":{"start":{"line":211,"column":20},"end":{"line":211,"column":55}},"163":{"start":{"line":212,"column":20},"end":{"line":212,"column":57}},"164":{"start":{"line":213,"column":20},"end":{"line":213,"column":57}},"165":{"start":{"line":215,"column":16},"end":{"line":235,"column":19}},"166":{"start":{"line":216,"column":29},"end":{"line":216,"column":71}},"167":{"start":{"line":217,"column":29},"end":{"line":217,"column":59}},"168":{"start":{"line":218,"column":29},"end":{"line":218,"column":40}},"169":{"start":{"line":219,"column":20},"end":{"line":219,"column":46}},"170":{"start":{"line":220,"column":20},"end":{"line":220,"column":38}},"171":{"start":{"line":221,"column":29},"end":{"line":221,"column":40}},"172":{"start":{"line":222,"column":20},"end":{"line":222,"column":46}},"173":{"start":{"line":223,"column":20},"end":{"line":223,"column":41}},"174":{"start":{"line":224,"column":20},"end":{"line":224,"column":53}},"175":{"start":{"line":226,"column":20},"end":{"line":226,"column":61}},"176":{"start":{"line":227,"column":20},"end":{"line":227,"column":57}},"177":{"start":{"line":228,"column":20},"end":{"line":228,"column":57}},"178":{"start":{"line":229,"column":20},"end":{"line":229,"column":57}},"179":{"start":{"line":230,"column":20},"end":{"line":230,"column":57}},"180":{"start":{"line":231,"column":20},"end":{"line":231,"column":57}},"181":{"start":{"line":232,"column":20},"end":{"line":232,"column":57}},"182":{"start":{"line":233,"column":20},"end":{"line":233,"column":53}},"183":{"start":{"line":234,"column":20},"end":{"line":234,"column":76}},"184":{"start":{"line":236,"column":16},"end":{"line":244,"column":19}},"185":{"start":{"line":237,"column":29},"end":{"line":237,"column":81}},"186":{"start":{"line":238,"column":29},"end":{"line":238,"column":59}},"187":{"start":{"line":239,"column":20},"end":{"line":239,"column":45}},"188":{"start":{"line":240,"column":20},"end":{"line":240,"column":53}},"189":{"start":{"line":241,"column":20},"end":{"line":241,"column":61}},"190":{"start":{"line":242,"column":20},"end":{"line":242,"column":57}},"191":{"start":{"line":243,"column":20},"end":{"line":243,"column":57}},"192":{"start":{"line":247,"column":8},"end":{"line":265,"column":11}},"193":{"start":{"line":248,"column":12},"end":{"line":264,"column":15}},"194":{"start":{"line":249,"column":25},"end":{"line":255,"column":18}},"195":{"start":{"line":257,"column":16},"end":{"line":257,"column":48}},"196":{"start":{"line":258,"column":24},"end":{"line":258,"column":67}},"197":{"start":{"line":259,"column":25},"end":{"line":259,"column":44}},"198":{"start":{"line":261,"column":16},"end":{"line":261,"column":68}},"199":{"start":{"line":262,"column":16},"end":{"line":262,"column":72}},"200":{"start":{"line":263,"column":16},"end":{"line":263,"column":102}},"201":{"start":{"line":266,"column":8},"end":{"line":299,"column":11}},"202":{"start":{"line":267,"column":12},"end":{"line":298,"column":15}},"203":{"start":{"line":268,"column":25},"end":{"line":273,"column":18}},"204":{"start":{"line":275,"column":24},"end":{"line":275,"column":37}},"205":{"start":{"line":276,"column":16},"end":{"line":276,"column":46}},"206":{"start":{"line":277,"column":16},"end":{"line":277,"column":48}},"207":{"start":{"line":278,"column":16},"end":{"line":278,"column":49}},"208":{"start":{"line":279,"column":16},"end":{"line":279,"column":49}},"209":{"start":{"line":280,"column":16},"end":{"line":280,"column":52}},"210":{"start":{"line":281,"column":16},"end":{"line":281,"column":53}},"211":{"start":{"line":283,"column":16},"end":{"line":283,"column":28}},"212":{"start":{"line":284,"column":16},"end":{"line":284,"column":31}},"213":{"start":{"line":285,"column":16},"end":{"line":285,"column":35}},"214":{"start":{"line":286,"column":16},"end":{"line":286,"column":28}},"215":{"start":{"line":287,"column":25},"end":{"line":287,"column":55}},"216":{"start":{"line":288,"column":16},"end":{"line":294,"column":19}},"217":{"start":{"line":295,"column":16},"end":{"line":295,"column":29}},"218":{"start":{"line":296,"column":16},"end":{"line":296,"column":49}},"219":{"start":{"line":297,"column":16},"end":{"line":297,"column":63}}},"fnMap":{"0":{"name":"(anonymous_0)","decl":{"start":{"line":1,"column":1},"end":{"line":1,"column":2}},"loc":{"start":{"line":1,"column":20},"end":{"line":9,"column":1}},"line":1},"1":{"name":"(anonymous_1)","decl":{"start":{"line":9,"column":3},"end":{"line":9,"column":4}},"loc":{"start":{"line":9,"column":31},"end":{"line":301,"column":1}},"line":9},"2":{"name":"(anonymous_2)","decl":{"start":{"line":18,"column":29},"end":{"line":18,"column":30}},"loc":{"start":{"line":18,"column":41},"end":{"line":300,"column":5}},"line":18},"3":{"name":"(anonymous_3)","decl":{"start":{"line":19,"column":39},"end":{"line":19,"column":40}},"loc":{"start":{"line":19,"column":51},"end":{"line":246,"column":9}},"line":19},"4":{"name":"(anonymous_4)","decl":{"start":{"line":20,"column":49},"end":{"line":20,"column":50}},"loc":{"start":{"line":20,"column":61},"end":{"line":29,"column":13}},"line":20},"5":{"name":"(anonymous_5)","decl":{"start":{"line":30,"column":40},"end":{"line":30,"column":41}},"loc":{"start":{"line":30,"column":52},"end":{"line":45,"column":13}},"line":30},"6":{"name":"(anonymous_6)","decl":{"start":{"line":46,"column":58},"end":{"line":46,"column":59}},"loc":{"start":{"line":46,"column":70},"end":{"line":50,"column":13}},"line":46},"7":{"name":"(anonymous_7)","decl":{"start":{"line":51,"column":51},"end":{"line":51,"column":52}},"loc":{"start":{"line":51,"column":63},"end":{"line":70,"column":13}},"line":51},"8":{"name":"(anonymous_8)","decl":{"start":{"line":71,"column":65},"end":{"line":71,"column":66}},"loc":{"start":{"line":71,"column":77},"end":{"line":91,"column":13}},"line":71},"9":{"name":"(anonymous_9)","decl":{"start":{"line":92,"column":62},"end":{"line":92,"column":63}},"loc":{"start":{"line":92,"column":74},"end":{"line":101,"column":13}},"line":92},"10":{"name":"(anonymous_10)","decl":{"start":{"line":102,"column":47},"end":{"line":102,"column":48}},"loc":{"start":{"line":102,"column":59},"end":{"line":109,"column":13}},"line":102},"11":{"name":"(anonymous_11)","decl":{"start":{"line":110,"column":63},"end":{"line":110,"column":64}},"loc":{"start":{"line":110,"column":75},"end":{"line":140,"column":13}},"line":110},"12":{"name":"(anonymous_12)","decl":{"start":{"line":141,"column":46},"end":{"line":141,"column":47}},"loc":{"start":{"line":141,"column":58},"end":{"line":245,"column":13}},"line":141},"13":{"name":"(anonymous_13)","decl":{"start":{"line":142,"column":62},"end":{"line":142,"column":63}},"loc":{"start":{"line":142,"column":74},"end":{"line":146,"column":17}},"line":142},"14":{"name":"(anonymous_14)","decl":{"start":{"line":147,"column":45},"end":{"line":147,"column":46}},"loc":{"start":{"line":147,"column":57},"end":{"line":155,"column":17}},"line":147},"15":{"name":"(anonymous_15)","decl":{"start":{"line":156,"column":47},"end":{"line":156,"column":48}},"loc":{"start":{"line":156,"column":59},"end":{"line":178,"column":17}},"line":156},"16":{"name":"(anonymous_16)","decl":{"start":{"line":171,"column":87},"end":{"line":171,"column":88}},"loc":{"start":{"line":171,"column":107},"end":{"line":174,"column":21}},"line":171},"17":{"name":"(anonymous_17)","decl":{"start":{"line":179,"column":58},"end":{"line":179,"column":59}},"loc":{"start":{"line":179,"column":70},"end":{"line":190,"column":17}},"line":179},"18":{"name":"(anonymous_18)","decl":{"start":{"line":191,"column":55},"end":{"line":191,"column":56}},"loc":{"start":{"line":191,"column":67},"end":{"line":201,"column":17}},"line":191},"19":{"name":"(anonymous_19)","decl":{"start":{"line":202,"column":58},"end":{"line":202,"column":59}},"loc":{"start":{"line":202,"column":70},"end":{"line":214,"column":17}},"line":202},"20":{"name":"(anonymous_20)","decl":{"start":{"line":215,"column":60},"end":{"line":215,"column":61}},"loc":{"start":{"line":215,"column":72},"end":{"line":235,"column":17}},"line":215},"21":{"name":"(anonymous_21)","decl":{"start":{"line":236,"column":51},"end":{"line":236,"column":52}},"loc":{"start":{"line":236,"column":63},"end":{"line":244,"column":17}},"line":236},"22":{"name":"(anonymous_22)","decl":{"start":{"line":247,"column":32},"end":{"line":247,"column":33}},"loc":{"start":{"line":247,"column":44},"end":{"line":265,"column":9}},"line":247},"23":{"name":"(anonymous_23)","decl":{"start":{"line":248,"column":45},"end":{"line":248,"column":46}},"loc":{"start":{"line":248,"column":57},"end":{"line":264,"column":13}},"line":248},"24":{"name":"(anonymous_24)","decl":{"start":{"line":266,"column":26},"end":{"line":266,"column":27}},"loc":{"start":{"line":266,"column":38},"end":{"line":299,"column":9}},"line":266},"25":{"name":"(anonymous_25)","decl":{"start":{"line":267,"column":58},"end":{"line":267,"column":59}},"loc":{"start":{"line":267,"column":70},"end":{"line":298,"column":13}},"line":267}},"branchMap":{"0":{"loc":{"start":{"line":2,"column":4},"end":{"line":8,"column":5}},"type":"if","locations":[{"start":{"line":2,"column":4},"end":{"line":8,"column":5}},{"start":{"line":2,"column":4},"end":{"line":8,"column":5}}],"line":2},"1":{"loc":{"start":{"line":2,"column":8},"end":{"line":2,"column":72}},"type":"binary-expr","locations":[{"start":{"line":2,"column":8},"end":{"line":2,"column":34}},{"start":{"line":2,"column":38},"end":{"line":2,"column":72}}],"line":2},"2":{"loc":{"start":{"line":4,"column":8},"end":{"line":4,"column":48}},"type":"if","locations":[{"start":{"line":4,"column":8},"end":{"line":4,"column":48}},{"start":{"line":4,"column":8},"end":{"line":4,"column":48}}],"line":4},"3":{"loc":{"start":{"line":6,"column":9},"end":{"line":8,"column":5}},"type":"if","locations":[{"start":{"line":6,"column":9},"end":{"line":8,"column":5}},{"start":{"line":6,"column":9},"end":{"line":8,"column":5}}],"line":6},"4":{"loc":{"start":{"line":6,"column":13},"end":{"line":6,"column":55}},"type":"binary-expr","locations":[{"start":{"line":6,"column":13},"end":{"line":6,"column":41}},{"start":{"line":6,"column":45},"end":{"line":6,"column":55}}],"line":6}},"s":{"0":1,"1":1,"2":1,"3":1,"4":0,"5":0,"6":0,"7":1,"8":1,"9":1,"10":1,"11":1,"12":1,"13":1,"14":1,"15":1,"16":1,"17":1,"18":1,"19":1,"20":1,"21":1,"22":1,"23":1,"24":1,"25":1,"26":1,"27":1,"28":1,"29":1,"30":1,"31":1,"32":1,"33":1,"34":1,"35":1,"36":1,"37":1,"38":1,"39":1,"40":1,"41":1,"42":1,"43":1,"44":1,"45":1,"46":1,"47":1,"48":1,"49":1,"50":1,"51":1,"52":1,"53":1,"54":1,"55":1,"56":1,"57":1,"58":1,"59":1,"60":1,"61":1,"62":1,"63":1,"64":1,"65":1,"66":1,"67":1,"68":1,"69":1,"70":1,"71":1,"72":1,"73":1,"74":1,"75":1,"76":1,"77":1,"78":1,"79":1,"80":1,"81":1,"82":1,"83":1,"84":1,"85":1,"86":1,"87":1,"88":1,"89":1,"90":1,"91":1,"92":1,"93":1,"94":1,"95":1,"96":1,"97":1,"98":1,"99":1,"100":1,"101":1,"102":1,"103":1,"104":1,"105":1,"106":1,"107":1,"108":1,"109":1,"110":1,"111":1,"112":1,"113":1,"114":1,"115":1,"116":1,"117":1,"118":1,"119":1,"120":1,"121":1,"122":1,"123":1,"124":1,"125":1,"126":1,"127":1,"128":1,"129":3,"130":3,"131":1,"132":1,"133":1,"134":1,"135":1,"136":1,"137":1,"138":1,"139":1,"140":1,"141":1,"142":1,"143":1,"144":1,"145":1,"146":1,"147":1,"148":1,"149":1,"150":1,"151":1,"152":1,"153":1,"154":1,"155":1,"156":1,"157":1,"158":1,"159":1,"160":1,"161":1,"162":1,"163":1,"164":1,"165":1,"166":1,"167":1,"168":1,"169":1,"170":1,"171":1,"172":1,"173":1,"174":1,"175":1,"176":1,"177":1,"178":1,"179":1,"180":1,"181":1,"182":1,"183":1,"184":1,"185":1,"186":1,"187":1,"188":1,"189":1,"190":1,"191":1,"192":1,"193":1,"194":1,"195":1,"196":1,"197":1,"198":1,"199":1,"200":1,"201":1,"202":1,"203":1,"204":1,"205":1,"206":1,"207":1,"208":1,"209":1,"210":1,"211":1,"212":1,"213":1,"214":1,"215":1,"216":1,"217":1,"218":1,"219":1},"f":{"0":1,"1":1,"2":1,"3":1,"4":1,"5":1,"6":1,"7":1,"8":1,"9":1,"10":1,"11":1,"12":1,"13":1,"14":1,"15":1,"16":3,"17":1,"18":1,"19":1,"20":1,"21":1,"22":1,"23":1,"24":1,"25":1},"b":{"0":[1,0],"1":[1,1],"2":[0,1],"3":[0,0],"4":[0,0]},"_coverageSchema":"43e27e138ebf9cfc5966b082cf9a028302ed4184","hash":"c99b6d68017d1b3b406a7b94d0b133a87030d08e","contentHash":"bb19b6a3c9ad17e8fddc4597f6d86e15955e0fc2e2641e2a558404976b101d76"},"/Users/joeri/Documents/web/minisync/src/uid.spec.ts":{"path":"/Users/joeri/Documents/web/minisync/src/uid.spec.ts","statementMap":{"0":{"start":{"line":1,"column":0},"end":{"line":36,"column":3}},"1":{"start":{"line":2,"column":4},"end":{"line":8,"column":5}},"2":{"start":{"line":3,"column":16},"end":{"line":3,"column":41}},"3":{"start":{"line":4,"column":8},"end":{"line":4,"column":48}},"4":{"start":{"line":4,"column":29},"end":{"line":4,"column":48}},"5":{"start":{"line":6,"column":9},"end":{"line":8,"column":5}},"6":{"start":{"line":7,"column":8},"end":{"line":7,"column":65}},"7":{"start":{"line":11,"column":4},"end":{"line":11,"column":66}},"8":{"start":{"line":12,"column":14},"end":{"line":12,"column":30}},"9":{"start":{"line":13,"column":15},"end":{"line":13,"column":30}},"10":{"start":{"line":14,"column":17},"end":{"line":14,"column":28}},"11":{"start":{"line":15,"column":4},"end":{"line":35,"column":7}},"12":{"start":{"line":16,"column":8},"end":{"line":34,"column":11}},"13":{"start":{"line":17,"column":12},"end":{"line":25,"column":15}},"14":{"start":{"line":18,"column":26},"end":{"line":18,"column":28}},"15":{"start":{"line":19,"column":25},"end":{"line":19,"column":29}},"16":{"start":{"line":20,"column":16},"end":{"line":24,"column":17}},"17":{"start":{"line":20,"column":29},"end":{"line":20,"column":30}},"18":{"start":{"line":21,"column":20},"end":{"line":21,"column":36}},"19":{"start":{"line":22,"column":20},"end":{"line":22,"column":57}},"20":{"start":{"line":23,"column":20},"end":{"line":23,"column":33}},"21":{"start":{"line":26,"column":12},"end":{"line":29,"column":15}},"22":{"start":{"line":27,"column":25},"end":{"line":27,"column":35}},"23":{"start":{"line":28,"column":16},"end":{"line":28,"column":46}},"24":{"start":{"line":30,"column":12},"end":{"line":33,"column":15}},"25":{"start":{"line":31,"column":25},"end":{"line":31,"column":39}},"26":{"start":{"line":32,"column":16},"end":{"line":32,"column":47}}},"fnMap":{"0":{"name":"(anonymous_0)","decl":{"start":{"line":1,"column":1},"end":{"line":1,"column":2}},"loc":{"start":{"line":1,"column":20},"end":{"line":9,"column":1}},"line":1},"1":{"name":"(anonymous_1)","decl":{"start":{"line":9,"column":3},"end":{"line":9,"column":4}},"loc":{"start":{"line":9,"column":31},"end":{"line":36,"column":1}},"line":9},"2":{"name":"(anonymous_2)","decl":{"start":{"line":15,"column":30},"end":{"line":15,"column":31}},"loc":{"start":{"line":15,"column":42},"end":{"line":35,"column":5}},"line":15},"3":{"name":"(anonymous_3)","decl":{"start":{"line":16,"column":24},"end":{"line":16,"column":25}},"loc":{"start":{"line":16,"column":36},"end":{"line":34,"column":9}},"line":16},"4":{"name":"(anonymous_4)","decl":{"start":{"line":17,"column":46},"end":{"line":17,"column":47}},"loc":{"start":{"line":17,"column":58},"end":{"line":25,"column":13}},"line":17},"5":{"name":"(anonymous_5)","decl":{"start":{"line":26,"column":45},"end":{"line":26,"column":46}},"loc":{"start":{"line":26,"column":57},"end":{"line":29,"column":13}},"line":26},"6":{"name":"(anonymous_6)","decl":{"start":{"line":30,"column":56},"end":{"line":30,"column":57}},"loc":{"start":{"line":30,"column":68},"end":{"line":33,"column":13}},"line":30}},"branchMap":{"0":{"loc":{"start":{"line":2,"column":4},"end":{"line":8,"column":5}},"type":"if","locations":[{"start":{"line":2,"column":4},"end":{"line":8,"column":5}},{"start":{"line":2,"column":4},"end":{"line":8,"column":5}}],"line":2},"1":{"loc":{"start":{"line":2,"column":8},"end":{"line":2,"column":72}},"type":"binary-expr","locations":[{"start":{"line":2,"column":8},"end":{"line":2,"column":34}},{"start":{"line":2,"column":38},"end":{"line":2,"column":72}}],"line":2},"2":{"loc":{"start":{"line":4,"column":8},"end":{"line":4,"column":48}},"type":"if","locations":[{"start":{"line":4,"column":8},"end":{"line":4,"column":48}},{"start":{"line":4,"column":8},"end":{"line":4,"column":48}}],"line":4},"3":{"loc":{"start":{"line":6,"column":9},"end":{"line":8,"column":5}},"type":"if","locations":[{"start":{"line":6,"column":9},"end":{"line":8,"column":5}},{"start":{"line":6,"column":9},"end":{"line":8,"column":5}}],"line":6},"4":{"loc":{"start":{"line":6,"column":13},"end":{"line":6,"column":55}},"type":"binary-expr","locations":[{"start":{"line":6,"column":13},"end":{"line":6,"column":41}},{"start":{"line":6,"column":45},"end":{"line":6,"column":55}}],"line":6}},"s":{"0":1,"1":1,"2":1,"3":1,"4":0,"5":0,"6":0,"7":1,"8":1,"9":1,"10":1,"11":1,"12":1,"13":1,"14":1,"15":1,"16":1,"17":1,"18":1000,"19":1000,"20":1000,"21":1,"22":1,"23":1,"24":1,"25":1,"26":1},"f":{"0":1,"1":1,"2":1,"3":1,"4":1,"5":1,"6":1},"b":{"0":[1,0],"1":[1,1],"2":[0,1],"3":[0,0],"4":[0,0]},"_coverageSchema":"43e27e138ebf9cfc5966b082cf9a028302ed4184","hash":"27e061b669773e966646ec012d48890d276507d8","contentHash":"4417742cd1ace2cf3f662e1a1eacb4da80ddaf8c2b7ddab62bc4f64a1ae3d73a"}}